[1.110s] Invoking command in '/home/ever/MATEROV_SeaFox_2025/src/ros2_seafox_package': PYTHONPATH=/home/ever/MATEROV_SeaFox_2025/src/build/ros2_seafox_package/prefix_override:/usr/lib/python3/dist-packages/colcon_core/task/python/colcon_distutils_commands:/home/ever/MATEROV_SeaFox_2025/src/install/ros2_seafox_package/lib/python3.10/site-packages:${PYTHONPATH} /usr/bin/python3 -W ignore:setup.py install is deprecated -W ignore:easy_install command is deprecated setup.py egg_info --egg-base ../build/ros2_seafox_package build --build-base /home/ever/MATEROV_SeaFox_2025/src/build/ros2_seafox_package/build install --record /home/ever/MATEROV_SeaFox_2025/src/build/ros2_seafox_package/install.log --single-version-externally-managed install_data
[1.464s] running egg_info
[1.465s] creating ../build/ros2_seafox_package/ros2_seafox_package.egg-info
[1.465s] writing ../build/ros2_seafox_package/ros2_seafox_package.egg-info/PKG-INFO
[1.466s] writing dependency_links to ../build/ros2_seafox_package/ros2_seafox_package.egg-info/dependency_links.txt
[1.466s] writing entry points to ../build/ros2_seafox_package/ros2_seafox_package.egg-info/entry_points.txt
[1.466s] writing requirements to ../build/ros2_seafox_package/ros2_seafox_package.egg-info/requires.txt
[1.466s] writing top-level names to ../build/ros2_seafox_package/ros2_seafox_package.egg-info/top_level.txt
[1.466s] writing manifest file '../build/ros2_seafox_package/ros2_seafox_package.egg-info/SOURCES.txt'
[1.469s] reading manifest file '../build/ros2_seafox_package/ros2_seafox_package.egg-info/SOURCES.txt'
[1.470s] writing manifest file '../build/ros2_seafox_package/ros2_seafox_package.egg-info/SOURCES.txt'
[1.470s] running build
[1.470s] running build_py
[1.470s] creating /home/ever/MATEROV_SeaFox_2025/src/build/ros2_seafox_package/build
[1.471s] creating /home/ever/MATEROV_SeaFox_2025/src/build/ros2_seafox_package/build/lib
[1.471s] creating /home/ever/MATEROV_SeaFox_2025/src/build/ros2_seafox_package/build/lib/ros2_seafox_package
[1.471s] copying ros2_seafox_package/control.py -> /home/ever/MATEROV_SeaFox_2025/src/build/ros2_seafox_package/build/lib/ros2_seafox_package
[1.471s] copying ros2_seafox_package/ecuaciones.py -> /home/ever/MATEROV_SeaFox_2025/src/build/ros2_seafox_package/build/lib/ros2_seafox_package
[1.471s] copying ros2_seafox_package/__init__.py -> /home/ever/MATEROV_SeaFox_2025/src/build/ros2_seafox_package/build/lib/ros2_seafox_package
[1.471s] running install
[1.471s] running install_lib
[1.473s] creating /home/ever/MATEROV_SeaFox_2025/src/install/ros2_seafox_package/lib/python3.10/site-packages/ros2_seafox_package
[1.473s] copying /home/ever/MATEROV_SeaFox_2025/src/build/ros2_seafox_package/build/lib/ros2_seafox_package/control.py -> /home/ever/MATEROV_SeaFox_2025/src/install/ros2_seafox_package/lib/python3.10/site-packages/ros2_seafox_package
[1.473s] copying /home/ever/MATEROV_SeaFox_2025/src/build/ros2_seafox_package/build/lib/ros2_seafox_package/ecuaciones.py -> /home/ever/MATEROV_SeaFox_2025/src/install/ros2_seafox_package/lib/python3.10/site-packages/ros2_seafox_package
[1.473s] copying /home/ever/MATEROV_SeaFox_2025/src/build/ros2_seafox_package/build/lib/ros2_seafox_package/__init__.py -> /home/ever/MATEROV_SeaFox_2025/src/install/ros2_seafox_package/lib/python3.10/site-packages/ros2_seafox_package
[1.474s] byte-compiling /home/ever/MATEROV_SeaFox_2025/src/install/ros2_seafox_package/lib/python3.10/site-packages/ros2_seafox_package/control.py to control.cpython-310.pyc
[1.475s] byte-compiling /home/ever/MATEROV_SeaFox_2025/src/install/ros2_seafox_package/lib/python3.10/site-packages/ros2_seafox_package/ecuaciones.py to ecuaciones.cpython-310.pyc
[1.476s] byte-compiling /home/ever/MATEROV_SeaFox_2025/src/install/ros2_seafox_package/lib/python3.10/site-packages/ros2_seafox_package/__init__.py to __init__.cpython-310.pyc
[1.476s] running install_data
[1.476s] creating /home/ever/MATEROV_SeaFox_2025/src/install/ros2_seafox_package/share/ament_index
[1.476s] creating /home/ever/MATEROV_SeaFox_2025/src/install/ros2_seafox_package/share/ament_index/resource_index
[1.476s] creating /home/ever/MATEROV_SeaFox_2025/src/install/ros2_seafox_package/share/ament_index/resource_index/packages
[1.476s] copying resource/ros2_seafox_package -> /home/ever/MATEROV_SeaFox_2025/src/install/ros2_seafox_package/share/ament_index/resource_index/packages
[1.476s] copying package.xml -> /home/ever/MATEROV_SeaFox_2025/src/install/ros2_seafox_package/share/ros2_seafox_package
[1.477s] creating /home/ever/MATEROV_SeaFox_2025/src/install/ros2_seafox_package/share/ros2_seafox_package/launch
[1.477s] copying launch/base_launcher.py -> /home/ever/MATEROV_SeaFox_2025/src/install/ros2_seafox_package/share/ros2_seafox_package/launch
[1.477s] running install_egg_info
[1.479s] Copying ../build/ros2_seafox_package/ros2_seafox_package.egg-info to /home/ever/MATEROV_SeaFox_2025/src/install/ros2_seafox_package/lib/python3.10/site-packages/ros2_seafox_package-0.0.0-py3.10.egg-info
[1.481s] running install_scripts
[1.509s] Installing control script to /home/ever/MATEROV_SeaFox_2025/src/install/ros2_seafox_package/lib/ros2_seafox_package
[1.510s] writing list of installed files to '/home/ever/MATEROV_SeaFox_2025/src/build/ros2_seafox_package/install.log'
[1.554s] Invoked command in '/home/ever/MATEROV_SeaFox_2025/src/ros2_seafox_package' returned '0': PYTHONPATH=/home/ever/MATEROV_SeaFox_2025/src/build/ros2_seafox_package/prefix_override:/usr/lib/python3/dist-packages/colcon_core/task/python/colcon_distutils_commands:/home/ever/MATEROV_SeaFox_2025/src/install/ros2_seafox_package/lib/python3.10/site-packages:${PYTHONPATH} /usr/bin/python3 -W ignore:setup.py install is deprecated -W ignore:easy_install command is deprecated setup.py egg_info --egg-base ../build/ros2_seafox_package build --build-base /home/ever/MATEROV_SeaFox_2025/src/build/ros2_seafox_package/build install --record /home/ever/MATEROV_SeaFox_2025/src/build/ros2_seafox_package/install.log --single-version-externally-managed install_data
