[0.549s] Invoking command in '/home/seafoxinventive/MATEROV_SeaFox_2025/build/ros2_seafox_package': PYTHONPATH=/home/seafoxinventive/MATEROV_SeaFox_2025/build/ros2_seafox_package/prefix_override:/usr/lib/python3/dist-packages/colcon_core/task/python/colcon_distutils_commands:/home/seafoxinventive/MATEROV_SeaFox_2025/install/ros2_seafox_package/lib/python3.10/site-packages:${PYTHONPATH} /usr/bin/python3 -W ignore:setup.py install is deprecated -W ignore:easy_install command is deprecated setup.py develop --editable --build-directory /home/seafoxinventive/MATEROV_SeaFox_2025/build/ros2_seafox_package/build --no-deps symlink_data
[0.793s] running develop
[0.955s] running egg_info
[0.955s] writing ros2_seafox_package.egg-info/PKG-INFO
[0.955s] writing dependency_links to ros2_seafox_package.egg-info/dependency_links.txt
[0.955s] writing entry points to ros2_seafox_package.egg-info/entry_points.txt
[0.955s] writing requirements to ros2_seafox_package.egg-info/requires.txt
[0.955s] writing top-level names to ros2_seafox_package.egg-info/top_level.txt
[0.957s] reading manifest file 'ros2_seafox_package.egg-info/SOURCES.txt'
[0.958s] writing manifest file 'ros2_seafox_package.egg-info/SOURCES.txt'
[0.959s] running build_ext
[0.959s] Creating /home/seafoxinventive/MATEROV_SeaFox_2025/install/ros2_seafox_package/lib/python3.10/site-packages/ros2-seafox-package.egg-link (link to .)
[0.960s] Installing camera_gui script to /home/seafoxinventive/MATEROV_SeaFox_2025/install/ros2_seafox_package/lib/ros2_seafox_package
[0.960s] Installing camera_publisher script to /home/seafoxinventive/MATEROV_SeaFox_2025/install/ros2_seafox_package/lib/ros2_seafox_package
[0.961s] Installing joystick_reader script to /home/seafoxinventive/MATEROV_SeaFox_2025/install/ros2_seafox_package/lib/ros2_seafox_package
[0.961s] Installing joystick_to_twist script to /home/seafoxinventive/MATEROV_SeaFox_2025/install/ros2_seafox_package/lib/ros2_seafox_package
[0.961s] Installing newtons_to_pwm script to /home/seafoxinventive/MATEROV_SeaFox_2025/install/ros2_seafox_package/lib/ros2_seafox_package
[0.961s] Installing rosserial script to /home/seafoxinventive/MATEROV_SeaFox_2025/install/ros2_seafox_package/lib/ros2_seafox_package
[0.961s] Installing twist_to_newtons script to /home/seafoxinventive/MATEROV_SeaFox_2025/install/ros2_seafox_package/lib/ros2_seafox_package
[0.961s] 
[0.961s] Installed /home/seafoxinventive/MATEROV_SeaFox_2025/build/ros2_seafox_package
[0.961s] running symlink_data
[0.962s] symbolically linking /home/seafoxinventive/MATEROV_SeaFox_2025/build/ros2_seafox_package/launch/camera_launcher.py -> /home/seafoxinventive/MATEROV_SeaFox_2025/install/ros2_seafox_package/share/ros2_seafox_package/launch
[0.983s] Invoked command in '/home/seafoxinventive/MATEROV_SeaFox_2025/build/ros2_seafox_package' returned '0': PYTHONPATH=/home/seafoxinventive/MATEROV_SeaFox_2025/build/ros2_seafox_package/prefix_override:/usr/lib/python3/dist-packages/colcon_core/task/python/colcon_distutils_commands:/home/seafoxinventive/MATEROV_SeaFox_2025/install/ros2_seafox_package/lib/python3.10/site-packages:${PYTHONPATH} /usr/bin/python3 -W ignore:setup.py install is deprecated -W ignore:easy_install command is deprecated setup.py develop --editable --build-directory /home/seafoxinventive/MATEROV_SeaFox_2025/build/ros2_seafox_package/build --no-deps symlink_data
