[1.281s] Invoking command in '/home/ruben_yh/Desktop/seafox/MATEROV_SeaFox_2025/src/ros2_seafox_package': PYTHONPATH=/home/ruben_yh/Desktop/seafox/MATEROV_SeaFox_2025/src/build/ros2_seafox_package/prefix_override:/usr/lib/python3/dist-packages/colcon_core/task/python/colcon_distutils_commands:/home/ruben_yh/Desktop/seafox/MATEROV_SeaFox_2025/src/install/ros2_seafox_package/lib/python3.10/site-packages:${PYTHONPATH} /usr/bin/python3 -W ignore:setup.py install is deprecated -W ignore:easy_install command is deprecated setup.py egg_info --egg-base ../build/ros2_seafox_package build --build-base /home/ruben_yh/Desktop/seafox/MATEROV_SeaFox_2025/src/build/ros2_seafox_package/build install --record /home/ruben_yh/Desktop/seafox/MATEROV_SeaFox_2025/src/build/ros2_seafox_package/install.log --single-version-externally-managed install_data
[1.755s] running egg_info
[1.756s] writing ../build/ros2_seafox_package/ros2_seafox_package.egg-info/PKG-INFO
[1.756s] writing dependency_links to ../build/ros2_seafox_package/ros2_seafox_package.egg-info/dependency_links.txt
[1.757s] writing entry points to ../build/ros2_seafox_package/ros2_seafox_package.egg-info/entry_points.txt
[1.757s] writing requirements to ../build/ros2_seafox_package/ros2_seafox_package.egg-info/requires.txt
[1.757s] writing top-level names to ../build/ros2_seafox_package/ros2_seafox_package.egg-info/top_level.txt
[1.760s] reading manifest file '../build/ros2_seafox_package/ros2_seafox_package.egg-info/SOURCES.txt'
[1.762s] writing manifest file '../build/ros2_seafox_package/ros2_seafox_package.egg-info/SOURCES.txt'
[1.762s] running build
[1.762s] running build_py
[1.763s] running install
[1.764s] running install_lib
[1.767s] running install_data
[1.767s] copying launch/base_launcher.py -> /home/ruben_yh/Desktop/seafox/MATEROV_SeaFox_2025/src/install/ros2_seafox_package/share/ros2_seafox_package/launch
[1.767s] running install_egg_info
[1.770s] removing '/home/ruben_yh/Desktop/seafox/MATEROV_SeaFox_2025/src/install/ros2_seafox_package/lib/python3.10/site-packages/ros2_seafox_package-0.0.0-py3.10.egg-info' (and everything under it)
[1.771s] Copying ../build/ros2_seafox_package/ros2_seafox_package.egg-info to /home/ruben_yh/Desktop/seafox/MATEROV_SeaFox_2025/src/install/ros2_seafox_package/lib/python3.10/site-packages/ros2_seafox_package-0.0.0-py3.10.egg-info
[1.772s] running install_scripts
[1.811s] Installing camera_publisher script to /home/ruben_yh/Desktop/seafox/MATEROV_SeaFox_2025/src/install/ros2_seafox_package/lib/ros2_seafox_package
[1.812s] Installing cmd_controller script to /home/ruben_yh/Desktop/seafox/MATEROV_SeaFox_2025/src/install/ros2_seafox_package/lib/ros2_seafox_package
[1.812s] Installing control script to /home/ruben_yh/Desktop/seafox/MATEROV_SeaFox_2025/src/install/ros2_seafox_package/lib/ros2_seafox_package
[1.812s] Installing main_gui script to /home/ruben_yh/Desktop/seafox/MATEROV_SeaFox_2025/src/install/ros2_seafox_package/lib/ros2_seafox_package
[1.812s] Installing motion_controller script to /home/ruben_yh/Desktop/seafox/MATEROV_SeaFox_2025/src/install/ros2_seafox_package/lib/ros2_seafox_package
[1.812s] writing list of installed files to '/home/ruben_yh/Desktop/seafox/MATEROV_SeaFox_2025/src/build/ros2_seafox_package/install.log'
[1.854s] Invoked command in '/home/ruben_yh/Desktop/seafox/MATEROV_SeaFox_2025/src/ros2_seafox_package' returned '0': PYTHONPATH=/home/ruben_yh/Desktop/seafox/MATEROV_SeaFox_2025/src/build/ros2_seafox_package/prefix_override:/usr/lib/python3/dist-packages/colcon_core/task/python/colcon_distutils_commands:/home/ruben_yh/Desktop/seafox/MATEROV_SeaFox_2025/src/install/ros2_seafox_package/lib/python3.10/site-packages:${PYTHONPATH} /usr/bin/python3 -W ignore:setup.py install is deprecated -W ignore:easy_install command is deprecated setup.py egg_info --egg-base ../build/ros2_seafox_package build --build-base /home/ruben_yh/Desktop/seafox/MATEROV_SeaFox_2025/src/build/ros2_seafox_package/build install --record /home/ruben_yh/Desktop/seafox/MATEROV_SeaFox_2025/src/build/ros2_seafox_package/install.log --single-version-externally-managed install_data
