[0.216s] DEBUG:colcon:Command line arguments: ['/usr/bin/colcon', 'build']
[0.216s] DEBUG:colcon:Parsed command line arguments: Namespace(log_base=None, log_level=None, verb_name='build', build_base='build', install_base='install', merge_install=False, symlink_install=False, test_result_base=None, continue_on_error=False, executor='parallel', parallel_workers=8, event_handlers=None, ignore_user_meta=False, metas=['./colcon.meta'], base_paths=['.'], packages_ignore=None, packages_ignore_regex=None, paths=None, packages_up_to=None, packages_up_to_regex=None, packages_above=None, packages_above_and_dependencies=None, packages_above_depth=None, packages_select_by_dep=None, packages_skip_by_dep=None, packages_skip_up_to=None, packages_select_build_failed=False, packages_skip_build_finished=False, packages_select_test_failures=False, packages_skip_test_passed=False, packages_select=None, packages_skip=None, packages_select_regex=None, packages_skip_regex=None, packages_start=None, packages_end=None, allow_overriding=[], cmake_args=None, cmake_target=None, cmake_target_skip_unavailable=False, cmake_clean_cache=False, cmake_clean_first=False, cmake_force_configure=False, ament_cmake_args=None, catkin_cmake_args=None, catkin_skip_building_tests=False, verb_parser=<colcon_defaults.argument_parser.defaults.DefaultArgumentsDecorator object at 0x70dd7d5719c0>, verb_extension=<colcon_core.verb.build.BuildVerb object at 0x70dd7d5714b0>, main=<bound method BuildVerb.main of <colcon_core.verb.build.BuildVerb object at 0x70dd7d5714b0>>)
[0.555s] Level 1:colcon.colcon_core.package_discovery:discover_packages(colcon_meta) check parameters
[0.555s] Level 1:colcon.colcon_core.package_discovery:discover_packages(recursive) check parameters
[0.555s] Level 1:colcon.colcon_core.package_discovery:discover_packages(ignore) check parameters
[0.555s] Level 1:colcon.colcon_core.package_discovery:discover_packages(path) check parameters
[0.555s] Level 1:colcon.colcon_core.package_discovery:discover_packages(colcon_meta) discover
[0.555s] Level 1:colcon.colcon_core.package_discovery:discover_packages(recursive) discover
[0.555s] INFO:colcon.colcon_core.package_discovery:Crawling recursively for packages in '/home/ruben_yh/Desktop/seafox/MATEROV_SeaFox_2025/src'
[0.555s] Level 1:colcon.colcon_core.package_identification:_identify(.) by extensions ['ignore', 'ignore_ament_install']
[0.556s] Level 1:colcon.colcon_core.package_identification:_identify(.) by extension 'ignore'
[0.556s] Level 1:colcon.colcon_core.package_identification:_identify(.) by extension 'ignore_ament_install'
[0.556s] Level 1:colcon.colcon_core.package_identification:_identify(.) by extensions ['colcon_pkg']
[0.556s] Level 1:colcon.colcon_core.package_identification:_identify(.) by extension 'colcon_pkg'
[0.556s] Level 1:colcon.colcon_core.package_identification:_identify(.) by extensions ['colcon_meta']
[0.556s] Level 1:colcon.colcon_core.package_identification:_identify(.) by extension 'colcon_meta'
[0.556s] Level 1:colcon.colcon_core.package_identification:_identify(.) by extensions ['ros']
[0.556s] Level 1:colcon.colcon_core.package_identification:_identify(.) by extension 'ros'
[0.576s] Level 1:colcon.colcon_core.package_identification:_identify(.) by extensions ['cmake', 'python']
[0.577s] Level 1:colcon.colcon_core.package_identification:_identify(.) by extension 'cmake'
[0.577s] Level 1:colcon.colcon_core.package_identification:_identify(.) by extension 'python'
[0.577s] Level 1:colcon.colcon_core.package_identification:_identify(.) by extensions ['python_setup_py']
[0.577s] Level 1:colcon.colcon_core.package_identification:_identify(.) by extension 'python_setup_py'
[0.577s] Level 1:colcon.colcon_core.package_identification:_identify(build) by extensions ['ignore', 'ignore_ament_install']
[0.577s] Level 1:colcon.colcon_core.package_identification:_identify(build) by extension 'ignore'
[0.577s] Level 1:colcon.colcon_core.package_identification:_identify(build) ignored
[0.578s] Level 1:colcon.colcon_core.package_identification:_identify(install) by extensions ['ignore', 'ignore_ament_install']
[0.578s] Level 1:colcon.colcon_core.package_identification:_identify(install) by extension 'ignore'
[0.578s] Level 1:colcon.colcon_core.package_identification:_identify(install) ignored
[0.578s] Level 1:colcon.colcon_core.package_identification:_identify(log) by extensions ['ignore', 'ignore_ament_install']
[0.578s] Level 1:colcon.colcon_core.package_identification:_identify(log) by extension 'ignore'
[0.578s] Level 1:colcon.colcon_core.package_identification:_identify(log) ignored
[0.578s] Level 1:colcon.colcon_core.package_identification:_identify(ros2_seafox_package) by extensions ['ignore', 'ignore_ament_install']
[0.578s] Level 1:colcon.colcon_core.package_identification:_identify(ros2_seafox_package) by extension 'ignore'
[0.579s] Level 1:colcon.colcon_core.package_identification:_identify(ros2_seafox_package) by extension 'ignore_ament_install'
[0.579s] Level 1:colcon.colcon_core.package_identification:_identify(ros2_seafox_package) by extensions ['colcon_pkg']
[0.579s] Level 1:colcon.colcon_core.package_identification:_identify(ros2_seafox_package) by extension 'colcon_pkg'
[0.579s] Level 1:colcon.colcon_core.package_identification:_identify(ros2_seafox_package) by extensions ['colcon_meta']
[0.579s] Level 1:colcon.colcon_core.package_identification:_identify(ros2_seafox_package) by extension 'colcon_meta'
[0.579s] Level 1:colcon.colcon_core.package_identification:_identify(ros2_seafox_package) by extensions ['ros']
[0.579s] Level 1:colcon.colcon_core.package_identification:_identify(ros2_seafox_package) by extension 'ros'
[0.585s] DEBUG:colcon.colcon_core.package_identification:Package 'ros2_seafox_package' with type 'ros.ament_python' and name 'ros2_seafox_package'
[0.585s] Level 1:colcon.colcon_core.package_discovery:discover_packages(recursive) using defaults
[0.585s] Level 1:colcon.colcon_core.package_discovery:discover_packages(ignore) discover
[0.585s] Level 1:colcon.colcon_core.package_discovery:discover_packages(ignore) using defaults
[0.585s] Level 1:colcon.colcon_core.package_discovery:discover_packages(path) discover
[0.585s] Level 1:colcon.colcon_core.package_discovery:discover_packages(path) using defaults
[0.640s] Level 1:colcon.colcon_core.package_discovery:discover_packages(prefix_path) check parameters
[0.640s] Level 1:colcon.colcon_core.package_discovery:discover_packages(prefix_path) discover
[0.643s] DEBUG:colcon.colcon_installed_package_information.package_discovery:Found 1 installed packages in /home/ruben_yh/Desktop/seafox/MATEROV_SeaFox_2025/install
[0.645s] DEBUG:colcon.colcon_installed_package_information.package_discovery:Found 272 installed packages in /opt/ros/humble
[0.648s] Level 1:colcon.colcon_core.package_discovery:discover_packages(prefix_path) using defaults
[0.713s] Level 5:colcon.colcon_core.verb:set package 'ros2_seafox_package' build argument 'cmake_args' from command line to 'None'
[0.713s] Level 5:colcon.colcon_core.verb:set package 'ros2_seafox_package' build argument 'cmake_target' from command line to 'None'
[0.713s] Level 5:colcon.colcon_core.verb:set package 'ros2_seafox_package' build argument 'cmake_target_skip_unavailable' from command line to 'False'
[0.713s] Level 5:colcon.colcon_core.verb:set package 'ros2_seafox_package' build argument 'cmake_clean_cache' from command line to 'False'
[0.713s] Level 5:colcon.colcon_core.verb:set package 'ros2_seafox_package' build argument 'cmake_clean_first' from command line to 'False'
[0.713s] Level 5:colcon.colcon_core.verb:set package 'ros2_seafox_package' build argument 'cmake_force_configure' from command line to 'False'
[0.713s] Level 5:colcon.colcon_core.verb:set package 'ros2_seafox_package' build argument 'ament_cmake_args' from command line to 'None'
[0.713s] Level 5:colcon.colcon_core.verb:set package 'ros2_seafox_package' build argument 'catkin_cmake_args' from command line to 'None'
[0.713s] Level 5:colcon.colcon_core.verb:set package 'ros2_seafox_package' build argument 'catkin_skip_building_tests' from command line to 'False'
[0.713s] DEBUG:colcon.colcon_core.verb:Building package 'ros2_seafox_package' with the following arguments: {'ament_cmake_args': None, 'build_base': '/home/ruben_yh/Desktop/seafox/MATEROV_SeaFox_2025/src/build/ros2_seafox_package', 'catkin_cmake_args': None, 'catkin_skip_building_tests': False, 'cmake_args': None, 'cmake_clean_cache': False, 'cmake_clean_first': False, 'cmake_force_configure': False, 'cmake_target': None, 'cmake_target_skip_unavailable': False, 'install_base': '/home/ruben_yh/Desktop/seafox/MATEROV_SeaFox_2025/src/install/ros2_seafox_package', 'merge_install': False, 'path': '/home/ruben_yh/Desktop/seafox/MATEROV_SeaFox_2025/src/ros2_seafox_package', 'symlink_install': False, 'test_result_base': None}
[0.713s] INFO:colcon.colcon_core.executor:Executing jobs using 'parallel' executor
[0.715s] DEBUG:colcon.colcon_parallel_executor.executor.parallel:run_until_complete
[0.715s] INFO:colcon.colcon_ros.task.ament_python.build:Building ROS package in '/home/ruben_yh/Desktop/seafox/MATEROV_SeaFox_2025/src/ros2_seafox_package' with build type 'ament_python'
[0.716s] Level 1:colcon.colcon_core.shell:create_environment_hook('ros2_seafox_package', 'ament_prefix_path')
[0.719s] INFO:colcon.colcon_core.plugin_system:Skipping extension 'colcon_core.shell.bat': Not used on non-Windows systems
[0.719s] INFO:colcon.colcon_core.shell:Creating environment hook '/home/ruben_yh/Desktop/seafox/MATEROV_SeaFox_2025/src/install/ros2_seafox_package/share/ros2_seafox_package/hook/ament_prefix_path.ps1'
[0.720s] INFO:colcon.colcon_core.shell:Creating environment descriptor '/home/ruben_yh/Desktop/seafox/MATEROV_SeaFox_2025/src/install/ros2_seafox_package/share/ros2_seafox_package/hook/ament_prefix_path.dsv'
[0.721s] INFO:colcon.colcon_core.shell:Creating environment hook '/home/ruben_yh/Desktop/seafox/MATEROV_SeaFox_2025/src/install/ros2_seafox_package/share/ros2_seafox_package/hook/ament_prefix_path.sh'
[0.722s] INFO:colcon.colcon_core.shell:Skip shell extension 'powershell' for command environment: Not usable outside of PowerShell
[0.722s] DEBUG:colcon.colcon_core.shell:Skip shell extension 'dsv' for command environment
[1.256s] INFO:colcon.colcon_core.task.python.build:Building Python package in '/home/ruben_yh/Desktop/seafox/MATEROV_SeaFox_2025/src/ros2_seafox_package'
[1.256s] INFO:colcon.colcon_core.shell:Skip shell extension 'powershell' for command environment: Not usable outside of PowerShell
[1.256s] DEBUG:colcon.colcon_core.shell:Skip shell extension 'dsv' for command environment
[1.990s] DEBUG:colcon.colcon_core.event_handler.log_command:Invoking command in '/home/ruben_yh/Desktop/seafox/MATEROV_SeaFox_2025/src/ros2_seafox_package': PYTHONPATH=/home/ruben_yh/Desktop/seafox/MATEROV_SeaFox_2025/src/build/ros2_seafox_package/prefix_override:/usr/lib/python3/dist-packages/colcon_core/task/python/colcon_distutils_commands:/home/ruben_yh/Desktop/seafox/MATEROV_SeaFox_2025/src/install/ros2_seafox_package/lib/python3.10/site-packages:${PYTHONPATH} /usr/bin/python3 -W ignore:setup.py install is deprecated -W ignore:easy_install command is deprecated setup.py egg_info --egg-base ../build/ros2_seafox_package build --build-base /home/ruben_yh/Desktop/seafox/MATEROV_SeaFox_2025/src/build/ros2_seafox_package/build install --record /home/ruben_yh/Desktop/seafox/MATEROV_SeaFox_2025/src/build/ros2_seafox_package/install.log --single-version-externally-managed install_data
[2.674s] DEBUG:colcon.colcon_core.event_handler.log_command:Invoked command in '/home/ruben_yh/Desktop/seafox/MATEROV_SeaFox_2025/src/ros2_seafox_package' returned '0': PYTHONPATH=/home/ruben_yh/Desktop/seafox/MATEROV_SeaFox_2025/src/build/ros2_seafox_package/prefix_override:/usr/lib/python3/dist-packages/colcon_core/task/python/colcon_distutils_commands:/home/ruben_yh/Desktop/seafox/MATEROV_SeaFox_2025/src/install/ros2_seafox_package/lib/python3.10/site-packages:${PYTHONPATH} /usr/bin/python3 -W ignore:setup.py install is deprecated -W ignore:easy_install command is deprecated setup.py egg_info --egg-base ../build/ros2_seafox_package build --build-base /home/ruben_yh/Desktop/seafox/MATEROV_SeaFox_2025/src/build/ros2_seafox_package/build install --record /home/ruben_yh/Desktop/seafox/MATEROV_SeaFox_2025/src/build/ros2_seafox_package/install.log --single-version-externally-managed install_data
[2.678s] Level 1:colcon.colcon_core.environment:checking '/home/ruben_yh/Desktop/seafox/MATEROV_SeaFox_2025/src/install/ros2_seafox_package' for CMake module files
[2.679s] Level 1:colcon.colcon_core.environment:checking '/home/ruben_yh/Desktop/seafox/MATEROV_SeaFox_2025/src/install/ros2_seafox_package' for CMake config files
[2.681s] Level 1:colcon.colcon_core.environment:checking '/home/ruben_yh/Desktop/seafox/MATEROV_SeaFox_2025/src/install/ros2_seafox_package/lib'
[2.681s] Level 1:colcon.colcon_core.environment:checking '/home/ruben_yh/Desktop/seafox/MATEROV_SeaFox_2025/src/install/ros2_seafox_package/bin'
[2.681s] Level 1:colcon.colcon_core.environment:checking '/home/ruben_yh/Desktop/seafox/MATEROV_SeaFox_2025/src/install/ros2_seafox_package/lib/pkgconfig/ros2_seafox_package.pc'
[2.682s] Level 1:colcon.colcon_core.environment:checking '/home/ruben_yh/Desktop/seafox/MATEROV_SeaFox_2025/src/install/ros2_seafox_package/lib/python3.10/site-packages'
[2.682s] Level 1:colcon.colcon_core.shell:create_environment_hook('ros2_seafox_package', 'pythonpath')
[2.682s] INFO:colcon.colcon_core.shell:Creating environment hook '/home/ruben_yh/Desktop/seafox/MATEROV_SeaFox_2025/src/install/ros2_seafox_package/share/ros2_seafox_package/hook/pythonpath.ps1'
[2.683s] INFO:colcon.colcon_core.shell:Creating environment descriptor '/home/ruben_yh/Desktop/seafox/MATEROV_SeaFox_2025/src/install/ros2_seafox_package/share/ros2_seafox_package/hook/pythonpath.dsv'
[2.684s] INFO:colcon.colcon_core.shell:Creating environment hook '/home/ruben_yh/Desktop/seafox/MATEROV_SeaFox_2025/src/install/ros2_seafox_package/share/ros2_seafox_package/hook/pythonpath.sh'
[2.685s] Level 1:colcon.colcon_core.environment:checking '/home/ruben_yh/Desktop/seafox/MATEROV_SeaFox_2025/src/install/ros2_seafox_package/bin'
[2.685s] Level 1:colcon.colcon_core.environment:create_environment_scripts_only(ros2_seafox_package)
[2.686s] INFO:colcon.colcon_core.shell:Creating package script '/home/ruben_yh/Desktop/seafox/MATEROV_SeaFox_2025/src/install/ros2_seafox_package/share/ros2_seafox_package/package.ps1'
[2.687s] INFO:colcon.colcon_core.shell:Creating package descriptor '/home/ruben_yh/Desktop/seafox/MATEROV_SeaFox_2025/src/install/ros2_seafox_package/share/ros2_seafox_package/package.dsv'
[2.688s] INFO:colcon.colcon_core.shell:Creating package script '/home/ruben_yh/Desktop/seafox/MATEROV_SeaFox_2025/src/install/ros2_seafox_package/share/ros2_seafox_package/package.sh'
[2.690s] INFO:colcon.colcon_core.shell:Creating package script '/home/ruben_yh/Desktop/seafox/MATEROV_SeaFox_2025/src/install/ros2_seafox_package/share/ros2_seafox_package/package.bash'
[2.691s] INFO:colcon.colcon_core.shell:Creating package script '/home/ruben_yh/Desktop/seafox/MATEROV_SeaFox_2025/src/install/ros2_seafox_package/share/ros2_seafox_package/package.zsh'
[2.693s] Level 1:colcon.colcon_core.environment:create_file_with_runtime_dependencies(/home/ruben_yh/Desktop/seafox/MATEROV_SeaFox_2025/src/install/ros2_seafox_package/share/colcon-core/packages/ros2_seafox_package)
[2.693s] DEBUG:colcon.colcon_parallel_executor.executor.parallel:closing loop
[2.694s] DEBUG:colcon.colcon_parallel_executor.executor.parallel:loop closed
[2.694s] DEBUG:colcon.colcon_parallel_executor.executor.parallel:run_until_complete finished with '0'
[2.694s] DEBUG:colcon.colcon_core.event_reactor:joining thread
[2.703s] INFO:colcon.colcon_core.plugin_system:Skipping extension 'colcon_notification.desktop_notification.terminal_notifier': Not used on non-Darwin systems
[2.703s] INFO:colcon.colcon_core.plugin_system:Skipping extension 'colcon_notification.desktop_notification.win32': Not used on non-Windows systems
[2.703s] INFO:colcon.colcon_notification.desktop_notification:Sending desktop notification using 'notify2'
[2.728s] DEBUG:colcon.colcon_core.event_reactor:joined thread
[2.729s] INFO:colcon.colcon_core.shell:Creating prefix script '/home/ruben_yh/Desktop/seafox/MATEROV_SeaFox_2025/src/install/local_setup.ps1'
[2.731s] INFO:colcon.colcon_core.shell:Creating prefix util module '/home/ruben_yh/Desktop/seafox/MATEROV_SeaFox_2025/src/install/_local_setup_util_ps1.py'
[2.734s] INFO:colcon.colcon_core.shell:Creating prefix chain script '/home/ruben_yh/Desktop/seafox/MATEROV_SeaFox_2025/src/install/setup.ps1'
[2.736s] INFO:colcon.colcon_core.shell:Creating prefix script '/home/ruben_yh/Desktop/seafox/MATEROV_SeaFox_2025/src/install/local_setup.sh'
[2.737s] INFO:colcon.colcon_core.shell:Creating prefix util module '/home/ruben_yh/Desktop/seafox/MATEROV_SeaFox_2025/src/install/_local_setup_util_sh.py'
[2.738s] INFO:colcon.colcon_core.shell:Creating prefix chain script '/home/ruben_yh/Desktop/seafox/MATEROV_SeaFox_2025/src/install/setup.sh'
[2.740s] INFO:colcon.colcon_core.shell:Creating prefix script '/home/ruben_yh/Desktop/seafox/MATEROV_SeaFox_2025/src/install/local_setup.bash'
[2.741s] INFO:colcon.colcon_core.shell:Creating prefix chain script '/home/ruben_yh/Desktop/seafox/MATEROV_SeaFox_2025/src/install/setup.bash'
[2.743s] INFO:colcon.colcon_core.shell:Creating prefix script '/home/ruben_yh/Desktop/seafox/MATEROV_SeaFox_2025/src/install/local_setup.zsh'
[2.744s] INFO:colcon.colcon_core.shell:Creating prefix chain script '/home/ruben_yh/Desktop/seafox/MATEROV_SeaFox_2025/src/install/setup.zsh'
