[0.626s] Invoking command in '/home/cedricmtz/Documents/SeaFox/SEAFOX/MATEROV_SeaFox_2025/src/ros2_seafox_package': PYTHONPATH=/home/cedricmtz/Documents/SeaFox/SEAFOX/MATEROV_SeaFox_2025/src/build/ros2_seafox_package/prefix_override:/usr/lib/python3/dist-packages/colcon_core/task/python/colcon_distutils_commands:/home/cedricmtz/Documents/SeaFox/SEAFOX/MATEROV_SeaFox_2025/src/install/ros2_seafox_package/lib/python3.10/site-packages:${PYTHONPATH} /usr/bin/python3 -W ignore:setup.py install is deprecated -W ignore:easy_install command is deprecated setup.py egg_info --egg-base ../build/ros2_seafox_package build --build-base /home/cedricmtz/Documents/SeaFox/SEAFOX/MATEROV_SeaFox_2025/src/build/ros2_seafox_package/build install --record /home/cedricmtz/Documents/SeaFox/SEAFOX/MATEROV_SeaFox_2025/src/build/ros2_seafox_package/install.log --single-version-externally-managed install_data
[0.871s] running egg_info
[0.872s] writing ../build/ros2_seafox_package/ros2_seafox_package.egg-info/PKG-INFO
[0.872s] writing dependency_links to ../build/ros2_seafox_package/ros2_seafox_package.egg-info/dependency_links.txt
[0.872s] writing entry points to ../build/ros2_seafox_package/ros2_seafox_package.egg-info/entry_points.txt
[0.873s] writing requirements to ../build/ros2_seafox_package/ros2_seafox_package.egg-info/requires.txt
[0.873s] writing top-level names to ../build/ros2_seafox_package/ros2_seafox_package.egg-info/top_level.txt
[0.876s] reading manifest file '../build/ros2_seafox_package/ros2_seafox_package.egg-info/SOURCES.txt'
[0.878s] writing manifest file '../build/ros2_seafox_package/ros2_seafox_package.egg-info/SOURCES.txt'
[0.878s] running build
[0.878s] running build_py
[0.879s] running install
[0.879s] running install_lib
[0.881s] running install_data
[0.881s] running install_egg_info
[0.883s] removing '/home/cedricmtz/Documents/SeaFox/SEAFOX/MATEROV_SeaFox_2025/src/install/ros2_seafox_package/lib/python3.10/site-packages/ros2_seafox_package-0.0.0-py3.10.egg-info' (and everything under it)
[0.883s] Copying ../build/ros2_seafox_package/ros2_seafox_package.egg-info to /home/cedricmtz/Documents/SeaFox/SEAFOX/MATEROV_SeaFox_2025/src/install/ros2_seafox_package/lib/python3.10/site-packages/ros2_seafox_package-0.0.0-py3.10.egg-info
[0.884s] running install_scripts
[0.903s] Installing camera_publisher script to /home/cedricmtz/Documents/SeaFox/SEAFOX/MATEROV_SeaFox_2025/src/install/ros2_seafox_package/lib/ros2_seafox_package
[0.903s] Installing cmd_controller script to /home/cedricmtz/Documents/SeaFox/SEAFOX/MATEROV_SeaFox_2025/src/install/ros2_seafox_package/lib/ros2_seafox_package
[0.903s] Installing control script to /home/cedricmtz/Documents/SeaFox/SEAFOX/MATEROV_SeaFox_2025/src/install/ros2_seafox_package/lib/ros2_seafox_package
[0.903s] Installing motion_controller script to /home/cedricmtz/Documents/SeaFox/SEAFOX/MATEROV_SeaFox_2025/src/install/ros2_seafox_package/lib/ros2_seafox_package
[0.904s] writing list of installed files to '/home/cedricmtz/Documents/SeaFox/SEAFOX/MATEROV_SeaFox_2025/src/build/ros2_seafox_package/install.log'
[0.930s] Invoked command in '/home/cedricmtz/Documents/SeaFox/SEAFOX/MATEROV_SeaFox_2025/src/ros2_seafox_package' returned '0': PYTHONPATH=/home/cedricmtz/Documents/SeaFox/SEAFOX/MATEROV_SeaFox_2025/src/build/ros2_seafox_package/prefix_override:/usr/lib/python3/dist-packages/colcon_core/task/python/colcon_distutils_commands:/home/cedricmtz/Documents/SeaFox/SEAFOX/MATEROV_SeaFox_2025/src/install/ros2_seafox_package/lib/python3.10/site-packages:${PYTHONPATH} /usr/bin/python3 -W ignore:setup.py install is deprecated -W ignore:easy_install command is deprecated setup.py egg_info --egg-base ../build/ros2_seafox_package build --build-base /home/cedricmtz/Documents/SeaFox/SEAFOX/MATEROV_SeaFox_2025/src/build/ros2_seafox_package/build install --record /home/cedricmtz/Documents/SeaFox/SEAFOX/MATEROV_SeaFox_2025/src/build/ros2_seafox_package/install.log --single-version-externally-managed install_data
