[0.564s] Invoking command in '/home/seafoxinventive/MATEROV_SeaFox_2025/src/ros2_seafox_package': PYTHONPATH=/home/seafoxinventive/MATEROV_SeaFox_2025/build/ros2_seafox_package/prefix_override:/usr/lib/python3/dist-packages/colcon_core/task/python/colcon_distutils_commands:/home/seafoxinventive/MATEROV_SeaFox_2025/install/ros2_seafox_package/lib/python3.10/site-packages:${PYTHONPATH} /usr/bin/python3 -W ignore:setup.py install is deprecated -W ignore:easy_install command is deprecated setup.py egg_info --egg-base ../../build/ros2_seafox_package build --build-base /home/seafoxinventive/MATEROV_SeaFox_2025/build/ros2_seafox_package/build install --record /home/seafoxinventive/MATEROV_SeaFox_2025/build/ros2_seafox_package/install.log --single-version-externally-managed install_data
[0.789s] running egg_info
[0.789s] creating ../../build/ros2_seafox_package/ros2_seafox_package.egg-info
[0.789s] writing ../../build/ros2_seafox_package/ros2_seafox_package.egg-info/PKG-INFO
[0.789s] writing dependency_links to ../../build/ros2_seafox_package/ros2_seafox_package.egg-info/dependency_links.txt
[0.790s] writing entry points to ../../build/ros2_seafox_package/ros2_seafox_package.egg-info/entry_points.txt
[0.790s] writing requirements to ../../build/ros2_seafox_package/ros2_seafox_package.egg-info/requires.txt
[0.790s] writing top-level names to ../../build/ros2_seafox_package/ros2_seafox_package.egg-info/top_level.txt
[0.790s] writing manifest file '../../build/ros2_seafox_package/ros2_seafox_package.egg-info/SOURCES.txt'
[0.791s] reading manifest file '../../build/ros2_seafox_package/ros2_seafox_package.egg-info/SOURCES.txt'
[0.792s] writing manifest file '../../build/ros2_seafox_package/ros2_seafox_package.egg-info/SOURCES.txt'
[0.792s] running build
[0.792s] running build_py
[0.792s] creating /home/seafoxinventive/MATEROV_SeaFox_2025/build/ros2_seafox_package/build
[0.792s] creating /home/seafoxinventive/MATEROV_SeaFox_2025/build/ros2_seafox_package/build/lib
[0.792s] creating /home/seafoxinventive/MATEROV_SeaFox_2025/build/ros2_seafox_package/build/lib/ros2_seafox_package
[0.792s] copying ros2_seafox_package/cmd_controller.py -> /home/seafoxinventive/MATEROV_SeaFox_2025/build/ros2_seafox_package/build/lib/ros2_seafox_package
[0.792s] copying ros2_seafox_package/__init__.py -> /home/seafoxinventive/MATEROV_SeaFox_2025/build/ros2_seafox_package/build/lib/ros2_seafox_package
[0.792s] copying ros2_seafox_package/control.py -> /home/seafoxinventive/MATEROV_SeaFox_2025/build/ros2_seafox_package/build/lib/ros2_seafox_package
[0.793s] copying ros2_seafox_package/motion_controller.py -> /home/seafoxinventive/MATEROV_SeaFox_2025/build/ros2_seafox_package/build/lib/ros2_seafox_package
[0.793s] running install
[0.793s] running install_lib
[0.794s] creating /home/seafoxinventive/MATEROV_SeaFox_2025/install/ros2_seafox_package/lib/python3.10/site-packages/ros2_seafox_package
[0.794s] copying /home/seafoxinventive/MATEROV_SeaFox_2025/build/ros2_seafox_package/build/lib/ros2_seafox_package/cmd_controller.py -> /home/seafoxinventive/MATEROV_SeaFox_2025/install/ros2_seafox_package/lib/python3.10/site-packages/ros2_seafox_package
[0.794s] copying /home/seafoxinventive/MATEROV_SeaFox_2025/build/ros2_seafox_package/build/lib/ros2_seafox_package/__init__.py -> /home/seafoxinventive/MATEROV_SeaFox_2025/install/ros2_seafox_package/lib/python3.10/site-packages/ros2_seafox_package
[0.794s] copying /home/seafoxinventive/MATEROV_SeaFox_2025/build/ros2_seafox_package/build/lib/ros2_seafox_package/control.py -> /home/seafoxinventive/MATEROV_SeaFox_2025/install/ros2_seafox_package/lib/python3.10/site-packages/ros2_seafox_package
[0.794s] copying /home/seafoxinventive/MATEROV_SeaFox_2025/build/ros2_seafox_package/build/lib/ros2_seafox_package/motion_controller.py -> /home/seafoxinventive/MATEROV_SeaFox_2025/install/ros2_seafox_package/lib/python3.10/site-packages/ros2_seafox_package
[0.795s] byte-compiling /home/seafoxinventive/MATEROV_SeaFox_2025/install/ros2_seafox_package/lib/python3.10/site-packages/ros2_seafox_package/cmd_controller.py to cmd_controller.cpython-310.pyc
[0.796s] byte-compiling /home/seafoxinventive/MATEROV_SeaFox_2025/install/ros2_seafox_package/lib/python3.10/site-packages/ros2_seafox_package/__init__.py to __init__.cpython-310.pyc
[0.796s] byte-compiling /home/seafoxinventive/MATEROV_SeaFox_2025/install/ros2_seafox_package/lib/python3.10/site-packages/ros2_seafox_package/control.py to control.cpython-310.pyc
[0.797s] byte-compiling /home/seafoxinventive/MATEROV_SeaFox_2025/install/ros2_seafox_package/lib/python3.10/site-packages/ros2_seafox_package/motion_controller.py to motion_controller.cpython-310.pyc
[0.797s] running install_data
[0.797s] creating /home/seafoxinventive/MATEROV_SeaFox_2025/install/ros2_seafox_package/share/ament_index
[0.797s] creating /home/seafoxinventive/MATEROV_SeaFox_2025/install/ros2_seafox_package/share/ament_index/resource_index
[0.798s] creating /home/seafoxinventive/MATEROV_SeaFox_2025/install/ros2_seafox_package/share/ament_index/resource_index/packages
[0.798s] copying resource/ros2_seafox_package -> /home/seafoxinventive/MATEROV_SeaFox_2025/install/ros2_seafox_package/share/ament_index/resource_index/packages
[0.798s] copying package.xml -> /home/seafoxinventive/MATEROV_SeaFox_2025/install/ros2_seafox_package/share/ros2_seafox_package
[0.798s] creating /home/seafoxinventive/MATEROV_SeaFox_2025/install/ros2_seafox_package/share/ros2_seafox_package/launch
[0.798s] copying launch/base_launcher.py -> /home/seafoxinventive/MATEROV_SeaFox_2025/install/ros2_seafox_package/share/ros2_seafox_package/launch
[0.798s] running install_egg_info
[0.799s] Copying ../../build/ros2_seafox_package/ros2_seafox_package.egg-info to /home/seafoxinventive/MATEROV_SeaFox_2025/install/ros2_seafox_package/lib/python3.10/site-packages/ros2_seafox_package-0.0.0-py3.10.egg-info
[0.800s] running install_scripts
[0.820s] Installing cmd_controller script to /home/seafoxinventive/MATEROV_SeaFox_2025/install/ros2_seafox_package/lib/ros2_seafox_package
[0.820s] Installing control script to /home/seafoxinventive/MATEROV_SeaFox_2025/install/ros2_seafox_package/lib/ros2_seafox_package
[0.820s] Installing motion_controller script to /home/seafoxinventive/MATEROV_SeaFox_2025/install/ros2_seafox_package/lib/ros2_seafox_package
[0.820s] writing list of installed files to '/home/seafoxinventive/MATEROV_SeaFox_2025/build/ros2_seafox_package/install.log'
[0.841s] Invoked command in '/home/seafoxinventive/MATEROV_SeaFox_2025/src/ros2_seafox_package' returned '0': PYTHONPATH=/home/seafoxinventive/MATEROV_SeaFox_2025/build/ros2_seafox_package/prefix_override:/usr/lib/python3/dist-packages/colcon_core/task/python/colcon_distutils_commands:/home/seafoxinventive/MATEROV_SeaFox_2025/install/ros2_seafox_package/lib/python3.10/site-packages:${PYTHONPATH} /usr/bin/python3 -W ignore:setup.py install is deprecated -W ignore:easy_install command is deprecated setup.py egg_info --egg-base ../../build/ros2_seafox_package build --build-base /home/seafoxinventive/MATEROV_SeaFox_2025/build/ros2_seafox_package/build install --record /home/seafoxinventive/MATEROV_SeaFox_2025/build/ros2_seafox_package/install.log --single-version-externally-managed install_data
