[0.593s] Invoking command in '/home/seafoxinventive/MATEROV_SeaFox_2025/src/ros2_seafox_package': PYTHONPATH=/home/seafoxinventive/MATEROV_SeaFox_2025/src/build/ros2_seafox_package/prefix_override:/usr/lib/python3/dist-packages/colcon_core/task/python/colcon_distutils_commands:/home/seafoxinventive/MATEROV_SeaFox_2025/src/install/ros2_seafox_package/lib/python3.10/site-packages:${PYTHONPATH} /usr/bin/python3 -W ignore:setup.py install is deprecated -W ignore:easy_install command is deprecated setup.py egg_info --egg-base ../build/ros2_seafox_package build --build-base /home/seafoxinventive/MATEROV_SeaFox_2025/src/build/ros2_seafox_package/build install --record /home/seafoxinventive/MATEROV_SeaFox_2025/src/build/ros2_seafox_package/install.log --single-version-externally-managed install_data
[0.818s] running egg_info
[0.818s] writing ../build/ros2_seafox_package/ros2_seafox_package.egg-info/PKG-INFO
[0.818s] writing dependency_links to ../build/ros2_seafox_package/ros2_seafox_package.egg-info/dependency_links.txt
[0.819s] writing entry points to ../build/ros2_seafox_package/ros2_seafox_package.egg-info/entry_points.txt
[0.819s] writing requirements to ../build/ros2_seafox_package/ros2_seafox_package.egg-info/requires.txt
[0.819s] writing top-level names to ../build/ros2_seafox_package/ros2_seafox_package.egg-info/top_level.txt
[0.821s] reading manifest file '../build/ros2_seafox_package/ros2_seafox_package.egg-info/SOURCES.txt'
[0.822s] writing manifest file '../build/ros2_seafox_package/ros2_seafox_package.egg-info/SOURCES.txt'
[0.822s] running build
[0.822s] running build_py
[0.822s] copying ros2_seafox_package/cmd_controller.py -> /home/seafoxinventive/MATEROV_SeaFox_2025/src/build/ros2_seafox_package/build/lib/ros2_seafox_package
[0.822s] copying ros2_seafox_package/motion_controller.py -> /home/seafoxinventive/MATEROV_SeaFox_2025/src/build/ros2_seafox_package/build/lib/ros2_seafox_package
[0.823s] running install
[0.823s] running install_lib
[0.824s] copying /home/seafoxinventive/MATEROV_SeaFox_2025/src/build/ros2_seafox_package/build/lib/ros2_seafox_package/cmd_controller.py -> /home/seafoxinventive/MATEROV_SeaFox_2025/src/install/ros2_seafox_package/lib/python3.10/site-packages/ros2_seafox_package
[0.824s] copying /home/seafoxinventive/MATEROV_SeaFox_2025/src/build/ros2_seafox_package/build/lib/ros2_seafox_package/motion_controller.py -> /home/seafoxinventive/MATEROV_SeaFox_2025/src/install/ros2_seafox_package/lib/python3.10/site-packages/ros2_seafox_package
[0.825s] byte-compiling /home/seafoxinventive/MATEROV_SeaFox_2025/src/install/ros2_seafox_package/lib/python3.10/site-packages/ros2_seafox_package/cmd_controller.py to cmd_controller.cpython-310.pyc
[0.826s] byte-compiling /home/seafoxinventive/MATEROV_SeaFox_2025/src/install/ros2_seafox_package/lib/python3.10/site-packages/ros2_seafox_package/motion_controller.py to motion_controller.cpython-310.pyc
[0.827s] running install_data
[0.827s] copying launch/base_launcher.py -> /home/seafoxinventive/MATEROV_SeaFox_2025/src/install/ros2_seafox_package/share/ros2_seafox_package/launch
[0.827s] running install_egg_info
[0.829s] removing '/home/seafoxinventive/MATEROV_SeaFox_2025/src/install/ros2_seafox_package/lib/python3.10/site-packages/ros2_seafox_package-0.0.0-py3.10.egg-info' (and everything under it)
[0.829s] Copying ../build/ros2_seafox_package/ros2_seafox_package.egg-info to /home/seafoxinventive/MATEROV_SeaFox_2025/src/install/ros2_seafox_package/lib/python3.10/site-packages/ros2_seafox_package-0.0.0-py3.10.egg-info
[0.830s] running install_scripts
[0.849s] Installing cmd_controller script to /home/seafoxinventive/MATEROV_SeaFox_2025/src/install/ros2_seafox_package/lib/ros2_seafox_package
[0.849s] Installing control script to /home/seafoxinventive/MATEROV_SeaFox_2025/src/install/ros2_seafox_package/lib/ros2_seafox_package
[0.849s] Installing motion_controller script to /home/seafoxinventive/MATEROV_SeaFox_2025/src/install/ros2_seafox_package/lib/ros2_seafox_package
[0.850s] writing list of installed files to '/home/seafoxinventive/MATEROV_SeaFox_2025/src/build/ros2_seafox_package/install.log'
[0.870s] Invoked command in '/home/seafoxinventive/MATEROV_SeaFox_2025/src/ros2_seafox_package' returned '0': PYTHONPATH=/home/seafoxinventive/MATEROV_SeaFox_2025/src/build/ros2_seafox_package/prefix_override:/usr/lib/python3/dist-packages/colcon_core/task/python/colcon_distutils_commands:/home/seafoxinventive/MATEROV_SeaFox_2025/src/install/ros2_seafox_package/lib/python3.10/site-packages:${PYTHONPATH} /usr/bin/python3 -W ignore:setup.py install is deprecated -W ignore:easy_install command is deprecated setup.py egg_info --egg-base ../build/ros2_seafox_package build --build-base /home/seafoxinventive/MATEROV_SeaFox_2025/src/build/ros2_seafox_package/build install --record /home/seafoxinventive/MATEROV_SeaFox_2025/src/build/ros2_seafox_package/install.log --single-version-externally-managed install_data
