[0.552s] Invoking command in '/home/seafoxinventive/MATEROV_SeaFox_2025/src/ros2_seafox_package': PYTHONPATH=/home/seafoxinventive/MATEROV_SeaFox_2025/build/ros2_seafox_package/prefix_override:/usr/lib/python3/dist-packages/colcon_core/task/python/colcon_distutils_commands:/home/seafoxinventive/MATEROV_SeaFox_2025/install/ros2_seafox_package/lib/python3.10/site-packages:${PYTHONPATH} /usr/bin/python3 -W ignore:setup.py install is deprecated -W ignore:easy_install command is deprecated setup.py egg_info --egg-base ../../build/ros2_seafox_package build --build-base /home/seafoxinventive/MATEROV_SeaFox_2025/build/ros2_seafox_package/build install --record /home/seafoxinventive/MATEROV_SeaFox_2025/build/ros2_seafox_package/install.log --single-version-externally-managed install_data
[0.771s] running egg_info
[0.772s] writing ../../build/ros2_seafox_package/ros2_seafox_package.egg-info/PKG-INFO
[0.772s] writing dependency_links to ../../build/ros2_seafox_package/ros2_seafox_package.egg-info/dependency_links.txt
[0.772s] writing entry points to ../../build/ros2_seafox_package/ros2_seafox_package.egg-info/entry_points.txt
[0.772s] writing requirements to ../../build/ros2_seafox_package/ros2_seafox_package.egg-info/requires.txt
[0.773s] writing top-level names to ../../build/ros2_seafox_package/ros2_seafox_package.egg-info/top_level.txt
[0.774s] reading manifest file '../../build/ros2_seafox_package/ros2_seafox_package.egg-info/SOURCES.txt'
[0.775s] writing manifest file '../../build/ros2_seafox_package/ros2_seafox_package.egg-info/SOURCES.txt'
[0.775s] running build
[0.775s] running build_py
[0.776s] running install
[0.776s] running install_lib
[0.778s] running install_data
[0.778s] running install_egg_info
[0.780s] removing '/home/seafoxinventive/MATEROV_SeaFox_2025/install/ros2_seafox_package/lib/python3.10/site-packages/ros2_seafox_package-0.0.0-py3.10.egg-info' (and everything under it)
[0.780s] Copying ../../build/ros2_seafox_package/ros2_seafox_package.egg-info to /home/seafoxinventive/MATEROV_SeaFox_2025/install/ros2_seafox_package/lib/python3.10/site-packages/ros2_seafox_package-0.0.0-py3.10.egg-info
[0.781s] running install_scripts
[0.799s] Installing camera_gui script to /home/seafoxinventive/MATEROV_SeaFox_2025/install/ros2_seafox_package/lib/ros2_seafox_package
[0.799s] Installing camera_publisher script to /home/seafoxinventive/MATEROV_SeaFox_2025/install/ros2_seafox_package/lib/ros2_seafox_package
[0.799s] Installing joystick_reader script to /home/seafoxinventive/MATEROV_SeaFox_2025/install/ros2_seafox_package/lib/ros2_seafox_package
[0.799s] Installing joystick_to_twist script to /home/seafoxinventive/MATEROV_SeaFox_2025/install/ros2_seafox_package/lib/ros2_seafox_package
[0.799s] Installing newtons_to_pwm script to /home/seafoxinventive/MATEROV_SeaFox_2025/install/ros2_seafox_package/lib/ros2_seafox_package
[0.800s] Installing rosserial script to /home/seafoxinventive/MATEROV_SeaFox_2025/install/ros2_seafox_package/lib/ros2_seafox_package
[0.800s] Installing twist_to_newtons script to /home/seafoxinventive/MATEROV_SeaFox_2025/install/ros2_seafox_package/lib/ros2_seafox_package
[0.800s] writing list of installed files to '/home/seafoxinventive/MATEROV_SeaFox_2025/build/ros2_seafox_package/install.log'
[0.821s] Invoked command in '/home/seafoxinventive/MATEROV_SeaFox_2025/src/ros2_seafox_package' returned '0': PYTHONPATH=/home/seafoxinventive/MATEROV_SeaFox_2025/build/ros2_seafox_package/prefix_override:/usr/lib/python3/dist-packages/colcon_core/task/python/colcon_distutils_commands:/home/seafoxinventive/MATEROV_SeaFox_2025/install/ros2_seafox_package/lib/python3.10/site-packages:${PYTHONPATH} /usr/bin/python3 -W ignore:setup.py install is deprecated -W ignore:easy_install command is deprecated setup.py egg_info --egg-base ../../build/ros2_seafox_package build --build-base /home/seafoxinventive/MATEROV_SeaFox_2025/build/ros2_seafox_package/build install --record /home/seafoxinventive/MATEROV_SeaFox_2025/build/ros2_seafox_package/install.log --single-version-externally-managed install_data
