[0.511s] Invoking command in '/home/seafoxinventive/MATEROV_SeaFox_2025/src/ros2_seafox_package': PYTHONPATH=/home/seafoxinventive/MATEROV_SeaFox_2025/build/ros2_seafox_package/prefix_override:/usr/lib/python3/dist-packages/colcon_core/task/python/colcon_distutils_commands:/home/seafoxinventive/MATEROV_SeaFox_2025/install/ros2_seafox_package/lib/python3.10/site-packages:${PYTHONPATH} /usr/bin/python3 -W ignore:setup.py install is deprecated -W ignore:easy_install command is deprecated setup.py egg_info --egg-base ../../build/ros2_seafox_package build --build-base /home/seafoxinventive/MATEROV_SeaFox_2025/build/ros2_seafox_package/build install --record /home/seafoxinventive/MATEROV_SeaFox_2025/build/ros2_seafox_package/install.log --single-version-externally-managed install_data
[0.712s] running egg_info
[0.713s] writing ../../build/ros2_seafox_package/ros2_seafox_package.egg-info/PKG-INFO
[0.713s] writing dependency_links to ../../build/ros2_seafox_package/ros2_seafox_package.egg-info/dependency_links.txt
[0.713s] writing entry points to ../../build/ros2_seafox_package/ros2_seafox_package.egg-info/entry_points.txt
[0.713s] writing requirements to ../../build/ros2_seafox_package/ros2_seafox_package.egg-info/requires.txt
[0.713s] writing top-level names to ../../build/ros2_seafox_package/ros2_seafox_package.egg-info/top_level.txt
[0.715s] reading manifest file '../../build/ros2_seafox_package/ros2_seafox_package.egg-info/SOURCES.txt'
[0.715s] writing manifest file '../../build/ros2_seafox_package/ros2_seafox_package.egg-info/SOURCES.txt'
[0.716s] running build
[0.716s] running build_py
[0.716s] copying ros2_seafox_package/control.py -> /home/seafoxinventive/MATEROV_SeaFox_2025/build/ros2_seafox_package/build/lib/ros2_seafox_package
[0.716s] copying ros2_seafox_package/ecuaciones.py -> /home/seafoxinventive/MATEROV_SeaFox_2025/build/ros2_seafox_package/build/lib/ros2_seafox_package
[0.716s] running install
[0.716s] running install_lib
[0.717s] copying /home/seafoxinventive/MATEROV_SeaFox_2025/build/ros2_seafox_package/build/lib/ros2_seafox_package/control.py -> /home/seafoxinventive/MATEROV_SeaFox_2025/install/ros2_seafox_package/lib/python3.10/site-packages/ros2_seafox_package
[0.717s] copying /home/seafoxinventive/MATEROV_SeaFox_2025/build/ros2_seafox_package/build/lib/ros2_seafox_package/ecuaciones.py -> /home/seafoxinventive/MATEROV_SeaFox_2025/install/ros2_seafox_package/lib/python3.10/site-packages/ros2_seafox_package
[0.717s] byte-compiling /home/seafoxinventive/MATEROV_SeaFox_2025/install/ros2_seafox_package/lib/python3.10/site-packages/ros2_seafox_package/control.py to control.cpython-310.pyc
[0.718s] byte-compiling /home/seafoxinventive/MATEROV_SeaFox_2025/install/ros2_seafox_package/lib/python3.10/site-packages/ros2_seafox_package/ecuaciones.py to ecuaciones.cpython-310.pyc
[0.718s] running install_data
[0.719s] creating /home/seafoxinventive/MATEROV_SeaFox_2025/install/ros2_seafox_package/share/ros2_seafox_package/launch
[0.719s] copying launch/base_launcher.py -> /home/seafoxinventive/MATEROV_SeaFox_2025/install/ros2_seafox_package/share/ros2_seafox_package/launch
[0.719s] error: can't copy 'launch/rov_launcher.py': doesn't exist or not a regular file
[0.735s] Invoked command in '/home/seafoxinventive/MATEROV_SeaFox_2025/src/ros2_seafox_package' returned '1': PYTHONPATH=/home/seafoxinventive/MATEROV_SeaFox_2025/build/ros2_seafox_package/prefix_override:/usr/lib/python3/dist-packages/colcon_core/task/python/colcon_distutils_commands:/home/seafoxinventive/MATEROV_SeaFox_2025/install/ros2_seafox_package/lib/python3.10/site-packages:${PYTHONPATH} /usr/bin/python3 -W ignore:setup.py install is deprecated -W ignore:easy_install command is deprecated setup.py egg_info --egg-base ../../build/ros2_seafox_package build --build-base /home/seafoxinventive/MATEROV_SeaFox_2025/build/ros2_seafox_package/build install --record /home/seafoxinventive/MATEROV_SeaFox_2025/build/ros2_seafox_package/install.log --single-version-externally-managed install_data
