[1.277s] Invoking command in '/home/ruben_yh/Desktop/seafox/MATEROV_SeaFox_2025/src/ros2_seafox_package': PYTHONPATH=/home/ruben_yh/Desktop/seafox/MATEROV_SeaFox_2025/src/build/ros2_seafox_package/prefix_override:/usr/lib/python3/dist-packages/colcon_core/task/python/colcon_distutils_commands:/home/ruben_yh/Desktop/seafox/MATEROV_SeaFox_2025/src/install/ros2_seafox_package/lib/python3.10/site-packages:${PYTHONPATH} /usr/bin/python3 -W ignore:setup.py install is deprecated -W ignore:easy_install command is deprecated setup.py egg_info --egg-base ../build/ros2_seafox_package build --build-base /home/ruben_yh/Desktop/seafox/MATEROV_SeaFox_2025/src/build/ros2_seafox_package/build install --record /home/ruben_yh/Desktop/seafox/MATEROV_SeaFox_2025/src/build/ros2_seafox_package/install.log --single-version-externally-managed install_data
[1.745s] running egg_info
[1.747s] writing ../build/ros2_seafox_package/ros2_seafox_package.egg-info/PKG-INFO
[1.747s] writing dependency_links to ../build/ros2_seafox_package/ros2_seafox_package.egg-info/dependency_links.txt
[1.748s] writing entry points to ../build/ros2_seafox_package/ros2_seafox_package.egg-info/entry_points.txt
[1.748s] writing requirements to ../build/ros2_seafox_package/ros2_seafox_package.egg-info/requires.txt
[1.748s] writing top-level names to ../build/ros2_seafox_package/ros2_seafox_package.egg-info/top_level.txt
[1.752s] reading manifest file '../build/ros2_seafox_package/ros2_seafox_package.egg-info/SOURCES.txt'
[1.758s] writing manifest file '../build/ros2_seafox_package/ros2_seafox_package.egg-info/SOURCES.txt'
[1.758s] running build
[1.758s] running build_py
[1.758s] copying ros2_seafox_package/camera_publisher.py -> /home/ruben_yh/Desktop/seafox/MATEROV_SeaFox_2025/src/build/ros2_seafox_package/build/lib/ros2_seafox_package
[1.759s] running install
[1.760s] running install_lib
[1.761s] copying /home/ruben_yh/Desktop/seafox/MATEROV_SeaFox_2025/src/build/ros2_seafox_package/build/lib/ros2_seafox_package/camera_publisher.py -> /home/ruben_yh/Desktop/seafox/MATEROV_SeaFox_2025/src/install/ros2_seafox_package/lib/python3.10/site-packages/ros2_seafox_package
[1.763s] byte-compiling /home/ruben_yh/Desktop/seafox/MATEROV_SeaFox_2025/src/install/ros2_seafox_package/lib/python3.10/site-packages/ros2_seafox_package/camera_publisher.py to camera_publisher.cpython-310.pyc
[1.764s] running install_data
[1.765s] running install_egg_info
[1.768s] removing '/home/ruben_yh/Desktop/seafox/MATEROV_SeaFox_2025/src/install/ros2_seafox_package/lib/python3.10/site-packages/ros2_seafox_package-0.0.0-py3.10.egg-info' (and everything under it)
[1.768s] Copying ../build/ros2_seafox_package/ros2_seafox_package.egg-info to /home/ruben_yh/Desktop/seafox/MATEROV_SeaFox_2025/src/install/ros2_seafox_package/lib/python3.10/site-packages/ros2_seafox_package-0.0.0-py3.10.egg-info
[1.770s] running install_scripts
[1.806s] Installing camera script to /home/ruben_yh/Desktop/seafox/MATEROV_SeaFox_2025/src/install/ros2_seafox_package/lib/ros2_seafox_package
[1.807s] Installing cmd_controller script to /home/ruben_yh/Desktop/seafox/MATEROV_SeaFox_2025/src/install/ros2_seafox_package/lib/ros2_seafox_package
[1.807s] Installing control script to /home/ruben_yh/Desktop/seafox/MATEROV_SeaFox_2025/src/install/ros2_seafox_package/lib/ros2_seafox_package
[1.807s] Installing main_gui script to /home/ruben_yh/Desktop/seafox/MATEROV_SeaFox_2025/src/install/ros2_seafox_package/lib/ros2_seafox_package
[1.808s] Installing motion_controller script to /home/ruben_yh/Desktop/seafox/MATEROV_SeaFox_2025/src/install/ros2_seafox_package/lib/ros2_seafox_package
[1.808s] writing list of installed files to '/home/ruben_yh/Desktop/seafox/MATEROV_SeaFox_2025/src/build/ros2_seafox_package/install.log'
[1.851s] Invoked command in '/home/ruben_yh/Desktop/seafox/MATEROV_SeaFox_2025/src/ros2_seafox_package' returned '0': PYTHONPATH=/home/ruben_yh/Desktop/seafox/MATEROV_SeaFox_2025/src/build/ros2_seafox_package/prefix_override:/usr/lib/python3/dist-packages/colcon_core/task/python/colcon_distutils_commands:/home/ruben_yh/Desktop/seafox/MATEROV_SeaFox_2025/src/install/ros2_seafox_package/lib/python3.10/site-packages:${PYTHONPATH} /usr/bin/python3 -W ignore:setup.py install is deprecated -W ignore:easy_install command is deprecated setup.py egg_info --egg-base ../build/ros2_seafox_package build --build-base /home/ruben_yh/Desktop/seafox/MATEROV_SeaFox_2025/src/build/ros2_seafox_package/build install --record /home/ruben_yh/Desktop/seafox/MATEROV_SeaFox_2025/src/build/ros2_seafox_package/install.log --single-version-externally-managed install_data
