/home/cedricmtz/Documents/SeaFox/SEAFOX/MATEROV_SeaFox_2025/src/install/ros2_seafox_package/lib/python3.10/site-packages/ros2_seafox_package/__init__.py
/home/cedricmtz/Documents/SeaFox/SEAFOX/MATEROV_SeaFox_2025/src/install/ros2_seafox_package/lib/python3.10/site-packages/ros2_seafox_package/control.py
/home/cedricmtz/Documents/SeaFox/SEAFOX/MATEROV_SeaFox_2025/src/install/ros2_seafox_package/lib/python3.10/site-packages/ros2_seafox_package/motion_controller.py
/home/cedricmtz/Documents/SeaFox/SEAFOX/MATEROV_SeaFox_2025/src/install/ros2_seafox_package/lib/python3.10/site-packages/ros2_seafox_package/camera.py
/home/cedricmtz/Documents/SeaFox/SEAFOX/MATEROV_SeaFox_2025/src/install/ros2_seafox_package/lib/python3.10/site-packages/ros2_seafox_package/cmd_controller.py
/home/cedricmtz/Documents/SeaFox/SEAFOX/MATEROV_SeaFox_2025/src/install/ros2_seafox_package/lib/python3.10/site-packages/ros2_seafox_package/__pycache__/__init__.cpython-310.pyc
/home/cedricmtz/Documents/SeaFox/SEAFOX/MATEROV_SeaFox_2025/src/install/ros2_seafox_package/lib/python3.10/site-packages/ros2_seafox_package/__pycache__/control.cpython-310.pyc
/home/cedricmtz/Documents/SeaFox/SEAFOX/MATEROV_SeaFox_2025/src/install/ros2_seafox_package/lib/python3.10/site-packages/ros2_seafox_package/__pycache__/motion_controller.cpython-310.pyc
/home/cedricmtz/Documents/SeaFox/SEAFOX/MATEROV_SeaFox_2025/src/install/ros2_seafox_package/lib/python3.10/site-packages/ros2_seafox_package/__pycache__/camera.cpython-310.pyc
/home/cedricmtz/Documents/SeaFox/SEAFOX/MATEROV_SeaFox_2025/src/install/ros2_seafox_package/lib/python3.10/site-packages/ros2_seafox_package/__pycache__/cmd_controller.cpython-310.pyc
/home/cedricmtz/Documents/SeaFox/SEAFOX/MATEROV_SeaFox_2025/src/install/ros2_seafox_package/share/ament_index/resource_index/packages/ros2_seafox_package
/home/cedricmtz/Documents/SeaFox/SEAFOX/MATEROV_SeaFox_2025/src/install/ros2_seafox_package/share/ros2_seafox_package/package.xml
/home/cedricmtz/Documents/SeaFox/SEAFOX/MATEROV_SeaFox_2025/src/install/ros2_seafox_package/share/ros2_seafox_package/launch/base_launcher.py
/home/cedricmtz/Documents/SeaFox/SEAFOX/MATEROV_SeaFox_2025/src/install/ros2_seafox_package/lib/python3.10/site-packages/ros2_seafox_package-0.0.0-py3.10.egg-info/dependency_links.txt
/home/cedricmtz/Documents/SeaFox/SEAFOX/MATEROV_SeaFox_2025/src/install/ros2_seafox_package/lib/python3.10/site-packages/ros2_seafox_package-0.0.0-py3.10.egg-info/requires.txt
/home/cedricmtz/Documents/SeaFox/SEAFOX/MATEROV_SeaFox_2025/src/install/ros2_seafox_package/lib/python3.10/site-packages/ros2_seafox_package-0.0.0-py3.10.egg-info/entry_points.txt
/home/cedricmtz/Documents/SeaFox/SEAFOX/MATEROV_SeaFox_2025/src/install/ros2_seafox_package/lib/python3.10/site-packages/ros2_seafox_package-0.0.0-py3.10.egg-info/SOURCES.txt
/home/cedricmtz/Documents/SeaFox/SEAFOX/MATEROV_SeaFox_2025/src/install/ros2_seafox_package/lib/python3.10/site-packages/ros2_seafox_package-0.0.0-py3.10.egg-info/zip-safe
/home/cedricmtz/Documents/SeaFox/SEAFOX/MATEROV_SeaFox_2025/src/install/ros2_seafox_package/lib/python3.10/site-packages/ros2_seafox_package-0.0.0-py3.10.egg-info/PKG-INFO
/home/cedricmtz/Documents/SeaFox/SEAFOX/MATEROV_SeaFox_2025/src/install/ros2_seafox_package/lib/python3.10/site-packages/ros2_seafox_package-0.0.0-py3.10.egg-info/top_level.txt
/home/cedricmtz/Documents/SeaFox/SEAFOX/MATEROV_SeaFox_2025/src/install/ros2_seafox_package/lib/ros2_seafox_package/camera_publisher
/home/cedricmtz/Documents/SeaFox/SEAFOX/MATEROV_SeaFox_2025/src/install/ros2_seafox_package/lib/ros2_seafox_package/cmd_controller
/home/cedricmtz/Documents/SeaFox/SEAFOX/MATEROV_SeaFox_2025/src/install/ros2_seafox_package/lib/ros2_seafox_package/control
/home/cedricmtz/Documents/SeaFox/SEAFOX/MATEROV_SeaFox_2025/src/install/ros2_seafox_package/lib/ros2_seafox_package/motion_controller
