[0.512s] Invoking command in '/home/seafoxinventive/MATEROV_SeaFox_2025/src/ros2_seafox_package': PYTHONPATH=/home/seafoxinventive/MATEROV_SeaFox_2025/build/ros2_seafox_package/prefix_override:/usr/lib/python3/dist-packages/colcon_core/task/python/colcon_distutils_commands:/home/seafoxinventive/MATEROV_SeaFox_2025/install/ros2_seafox_package/lib/python3.10/site-packages:${PYTHONPATH} /usr/bin/python3 -W ignore:setup.py install is deprecated -W ignore:easy_install command is deprecated setup.py egg_info --egg-base ../../build/ros2_seafox_package build --build-base /home/seafoxinventive/MATEROV_SeaFox_2025/build/ros2_seafox_package/build install --record /home/seafoxinventive/MATEROV_SeaFox_2025/build/ros2_seafox_package/install.log --single-version-externally-managed install_data
[0.718s] running egg_info
[0.718s] writing ../../build/ros2_seafox_package/ros2_seafox_package.egg-info/PKG-INFO
[0.718s] writing dependency_links to ../../build/ros2_seafox_package/ros2_seafox_package.egg-info/dependency_links.txt
[0.719s] writing entry points to ../../build/ros2_seafox_package/ros2_seafox_package.egg-info/entry_points.txt
[0.719s] writing requirements to ../../build/ros2_seafox_package/ros2_seafox_package.egg-info/requires.txt
[0.719s] writing top-level names to ../../build/ros2_seafox_package/ros2_seafox_package.egg-info/top_level.txt
[0.721s] reading manifest file '../../build/ros2_seafox_package/ros2_seafox_package.egg-info/SOURCES.txt'
[0.722s] writing manifest file '../../build/ros2_seafox_package/ros2_seafox_package.egg-info/SOURCES.txt'
[0.722s] running build
[0.722s] running build_py
[0.722s] creating /home/seafoxinventive/MATEROV_SeaFox_2025/build/ros2_seafox_package/build/lib/ros2_seafox_package/rov
[0.722s] copying ros2_seafox_package/rov/__init__.py -> /home/seafoxinventive/MATEROV_SeaFox_2025/build/ros2_seafox_package/build/lib/ros2_seafox_package/rov
[0.722s] creating /home/seafoxinventive/MATEROV_SeaFox_2025/build/ros2_seafox_package/build/lib/ros2_seafox_package/base
[0.722s] copying ros2_seafox_package/base/__init__.py -> /home/seafoxinventive/MATEROV_SeaFox_2025/build/ros2_seafox_package/build/lib/ros2_seafox_package/base
[0.722s] creating /home/seafoxinventive/MATEROV_SeaFox_2025/build/ros2_seafox_package/build/lib/ros2_seafox_package/rov/cameras
[0.723s] copying ros2_seafox_package/rov/cameras/__init__.py -> /home/seafoxinventive/MATEROV_SeaFox_2025/build/ros2_seafox_package/build/lib/ros2_seafox_package/rov/cameras
[0.723s] creating /home/seafoxinventive/MATEROV_SeaFox_2025/build/ros2_seafox_package/build/lib/ros2_seafox_package/rov/serial
[0.723s] copying ros2_seafox_package/rov/serial/__init__.py -> /home/seafoxinventive/MATEROV_SeaFox_2025/build/ros2_seafox_package/build/lib/ros2_seafox_package/rov/serial
[0.723s] copying ros2_seafox_package/rov/serial/rosserial.py -> /home/seafoxinventive/MATEROV_SeaFox_2025/build/ros2_seafox_package/build/lib/ros2_seafox_package/rov/serial
[0.723s] creating /home/seafoxinventive/MATEROV_SeaFox_2025/build/ros2_seafox_package/build/lib/ros2_seafox_package/base/control
[0.723s] copying ros2_seafox_package/base/control/twist_to_pwm.py -> /home/seafoxinventive/MATEROV_SeaFox_2025/build/ros2_seafox_package/build/lib/ros2_seafox_package/base/control
[0.723s] copying ros2_seafox_package/base/control/__init__.py -> /home/seafoxinventive/MATEROV_SeaFox_2025/build/ros2_seafox_package/build/lib/ros2_seafox_package/base/control
[0.723s] copying ros2_seafox_package/base/control/joystick_to_twist.py -> /home/seafoxinventive/MATEROV_SeaFox_2025/build/ros2_seafox_package/build/lib/ros2_seafox_package/base/control
[0.723s] copying ros2_seafox_package/base/control/joystick_reader.py -> /home/seafoxinventive/MATEROV_SeaFox_2025/build/ros2_seafox_package/build/lib/ros2_seafox_package/base/control
[0.723s] creating /home/seafoxinventive/MATEROV_SeaFox_2025/build/ros2_seafox_package/build/lib/ros2_seafox_package/base/gui
[0.724s] copying ros2_seafox_package/base/gui/__init__.py -> /home/seafoxinventive/MATEROV_SeaFox_2025/build/ros2_seafox_package/build/lib/ros2_seafox_package/base/gui
[0.724s] running install
[0.724s] running install_lib
[0.725s] creating /home/seafoxinventive/MATEROV_SeaFox_2025/install/ros2_seafox_package/lib/python3.10/site-packages/ros2_seafox_package/rov
[0.725s] creating /home/seafoxinventive/MATEROV_SeaFox_2025/install/ros2_seafox_package/lib/python3.10/site-packages/ros2_seafox_package/rov/cameras
[0.725s] copying /home/seafoxinventive/MATEROV_SeaFox_2025/build/ros2_seafox_package/build/lib/ros2_seafox_package/rov/cameras/__init__.py -> /home/seafoxinventive/MATEROV_SeaFox_2025/install/ros2_seafox_package/lib/python3.10/site-packages/ros2_seafox_package/rov/cameras
[0.725s] copying /home/seafoxinventive/MATEROV_SeaFox_2025/build/ros2_seafox_package/build/lib/ros2_seafox_package/rov/__init__.py -> /home/seafoxinventive/MATEROV_SeaFox_2025/install/ros2_seafox_package/lib/python3.10/site-packages/ros2_seafox_package/rov
[0.725s] creating /home/seafoxinventive/MATEROV_SeaFox_2025/install/ros2_seafox_package/lib/python3.10/site-packages/ros2_seafox_package/rov/serial
[0.725s] copying /home/seafoxinventive/MATEROV_SeaFox_2025/build/ros2_seafox_package/build/lib/ros2_seafox_package/rov/serial/__init__.py -> /home/seafoxinventive/MATEROV_SeaFox_2025/install/ros2_seafox_package/lib/python3.10/site-packages/ros2_seafox_package/rov/serial
[0.725s] copying /home/seafoxinventive/MATEROV_SeaFox_2025/build/ros2_seafox_package/build/lib/ros2_seafox_package/rov/serial/rosserial.py -> /home/seafoxinventive/MATEROV_SeaFox_2025/install/ros2_seafox_package/lib/python3.10/site-packages/ros2_seafox_package/rov/serial
[0.726s] creating /home/seafoxinventive/MATEROV_SeaFox_2025/install/ros2_seafox_package/lib/python3.10/site-packages/ros2_seafox_package/base
[0.726s] copying /home/seafoxinventive/MATEROV_SeaFox_2025/build/ros2_seafox_package/build/lib/ros2_seafox_package/base/__init__.py -> /home/seafoxinventive/MATEROV_SeaFox_2025/install/ros2_seafox_package/lib/python3.10/site-packages/ros2_seafox_package/base
[0.726s] creating /home/seafoxinventive/MATEROV_SeaFox_2025/install/ros2_seafox_package/lib/python3.10/site-packages/ros2_seafox_package/base/control
[0.726s] copying /home/seafoxinventive/MATEROV_SeaFox_2025/build/ros2_seafox_package/build/lib/ros2_seafox_package/base/control/twist_to_pwm.py -> /home/seafoxinventive/MATEROV_SeaFox_2025/install/ros2_seafox_package/lib/python3.10/site-packages/ros2_seafox_package/base/control
[0.726s] copying /home/seafoxinventive/MATEROV_SeaFox_2025/build/ros2_seafox_package/build/lib/ros2_seafox_package/base/control/__init__.py -> /home/seafoxinventive/MATEROV_SeaFox_2025/install/ros2_seafox_package/lib/python3.10/site-packages/ros2_seafox_package/base/control
[0.726s] copying /home/seafoxinventive/MATEROV_SeaFox_2025/build/ros2_seafox_package/build/lib/ros2_seafox_package/base/control/joystick_to_twist.py -> /home/seafoxinventive/MATEROV_SeaFox_2025/install/ros2_seafox_package/lib/python3.10/site-packages/ros2_seafox_package/base/control
[0.726s] copying /home/seafoxinventive/MATEROV_SeaFox_2025/build/ros2_seafox_package/build/lib/ros2_seafox_package/base/control/joystick_reader.py -> /home/seafoxinventive/MATEROV_SeaFox_2025/install/ros2_seafox_package/lib/python3.10/site-packages/ros2_seafox_package/base/control
[0.726s] creating /home/seafoxinventive/MATEROV_SeaFox_2025/install/ros2_seafox_package/lib/python3.10/site-packages/ros2_seafox_package/base/gui
[0.727s] copying /home/seafoxinventive/MATEROV_SeaFox_2025/build/ros2_seafox_package/build/lib/ros2_seafox_package/base/gui/__init__.py -> /home/seafoxinventive/MATEROV_SeaFox_2025/install/ros2_seafox_package/lib/python3.10/site-packages/ros2_seafox_package/base/gui
[0.727s] byte-compiling /home/seafoxinventive/MATEROV_SeaFox_2025/install/ros2_seafox_package/lib/python3.10/site-packages/ros2_seafox_package/rov/cameras/__init__.py to __init__.cpython-310.pyc
[0.727s] byte-compiling /home/seafoxinventive/MATEROV_SeaFox_2025/install/ros2_seafox_package/lib/python3.10/site-packages/ros2_seafox_package/rov/__init__.py to __init__.cpython-310.pyc
[0.727s] byte-compiling /home/seafoxinventive/MATEROV_SeaFox_2025/install/ros2_seafox_package/lib/python3.10/site-packages/ros2_seafox_package/rov/serial/__init__.py to __init__.cpython-310.pyc
[0.727s] byte-compiling /home/seafoxinventive/MATEROV_SeaFox_2025/install/ros2_seafox_package/lib/python3.10/site-packages/ros2_seafox_package/rov/serial/rosserial.py to rosserial.cpython-310.pyc
[0.728s] byte-compiling /home/seafoxinventive/MATEROV_SeaFox_2025/install/ros2_seafox_package/lib/python3.10/site-packages/ros2_seafox_package/base/__init__.py to __init__.cpython-310.pyc
[0.728s] byte-compiling /home/seafoxinventive/MATEROV_SeaFox_2025/install/ros2_seafox_package/lib/python3.10/site-packages/ros2_seafox_package/base/control/twist_to_pwm.py to twist_to_pwm.cpython-310.pyc
[0.729s] byte-compiling /home/seafoxinventive/MATEROV_SeaFox_2025/install/ros2_seafox_package/lib/python3.10/site-packages/ros2_seafox_package/base/control/__init__.py to __init__.cpython-310.pyc
[0.729s] byte-compiling /home/seafoxinventive/MATEROV_SeaFox_2025/install/ros2_seafox_package/lib/python3.10/site-packages/ros2_seafox_package/base/control/joystick_to_twist.py to joystick_to_twist.cpython-310.pyc
[0.730s] byte-compiling /home/seafoxinventive/MATEROV_SeaFox_2025/install/ros2_seafox_package/lib/python3.10/site-packages/ros2_seafox_package/base/control/joystick_reader.py to joystick_reader.cpython-310.pyc
[0.730s] byte-compiling /home/seafoxinventive/MATEROV_SeaFox_2025/install/ros2_seafox_package/lib/python3.10/site-packages/ros2_seafox_package/base/gui/__init__.py to __init__.cpython-310.pyc
[0.731s] running install_data
[0.731s] running install_egg_info
[0.732s] removing '/home/seafoxinventive/MATEROV_SeaFox_2025/install/ros2_seafox_package/lib/python3.10/site-packages/ros2_seafox_package-0.0.0-py3.10.egg-info' (and everything under it)
[0.733s] Copying ../../build/ros2_seafox_package/ros2_seafox_package.egg-info to /home/seafoxinventive/MATEROV_SeaFox_2025/install/ros2_seafox_package/lib/python3.10/site-packages/ros2_seafox_package-0.0.0-py3.10.egg-info
[0.733s] running install_scripts
[0.751s] Installing joystick_reader script to /home/seafoxinventive/MATEROV_SeaFox_2025/install/ros2_seafox_package/lib/ros2_seafox_package
[0.751s] Installing joystick_to_twist script to /home/seafoxinventive/MATEROV_SeaFox_2025/install/ros2_seafox_package/lib/ros2_seafox_package
[0.751s] Installing rosserial script to /home/seafoxinventive/MATEROV_SeaFox_2025/install/ros2_seafox_package/lib/ros2_seafox_package
[0.751s] Installing twist_to_pwm script to /home/seafoxinventive/MATEROV_SeaFox_2025/install/ros2_seafox_package/lib/ros2_seafox_package
[0.752s] writing list of installed files to '/home/seafoxinventive/MATEROV_SeaFox_2025/build/ros2_seafox_package/install.log'
[0.770s] Invoked command in '/home/seafoxinventive/MATEROV_SeaFox_2025/src/ros2_seafox_package' returned '0': PYTHONPATH=/home/seafoxinventive/MATEROV_SeaFox_2025/build/ros2_seafox_package/prefix_override:/usr/lib/python3/dist-packages/colcon_core/task/python/colcon_distutils_commands:/home/seafoxinventive/MATEROV_SeaFox_2025/install/ros2_seafox_package/lib/python3.10/site-packages:${PYTHONPATH} /usr/bin/python3 -W ignore:setup.py install is deprecated -W ignore:easy_install command is deprecated setup.py egg_info --egg-base ../../build/ros2_seafox_package build --build-base /home/seafoxinventive/MATEROV_SeaFox_2025/build/ros2_seafox_package/build install --record /home/seafoxinventive/MATEROV_SeaFox_2025/build/ros2_seafox_package/install.log --single-version-externally-managed install_data
