running egg_info
writing ../build/ros2_seafox_package/ros2_seafox_package.egg-info/PKG-INFO
writing dependency_links to ../build/ros2_seafox_package/ros2_seafox_package.egg-info/dependency_links.txt
writing entry points to ../build/ros2_seafox_package/ros2_seafox_package.egg-info/entry_points.txt
writing requirements to ../build/ros2_seafox_package/ros2_seafox_package.egg-info/requires.txt
writing top-level names to ../build/ros2_seafox_package/ros2_seafox_package.egg-info/top_level.txt
reading manifest file '../build/ros2_seafox_package/ros2_seafox_package.egg-info/SOURCES.txt'
writing manifest file '../build/ros2_seafox_package/ros2_seafox_package.egg-info/SOURCES.txt'
running build
running build_py
copying ros2_seafox_package/control.py -> /home/seafoxinventive/MATEROV_SeaFox_2025/src/build/ros2_seafox_package/build/lib/ros2_seafox_package
copying ros2_seafox_package/motion_controller.py -> /home/seafoxinventive/MATEROV_SeaFox_2025/src/build/ros2_seafox_package/build/lib/ros2_seafox_package
running install
running install_lib
copying /home/seafoxinventive/MATEROV_SeaFox_2025/src/build/ros2_seafox_package/build/lib/ros2_seafox_package/control.py -> /home/seafoxinventive/MATEROV_SeaFox_2025/src/install/ros2_seafox_package/lib/python3.10/site-packages/ros2_seafox_package
copying /home/seafoxinventive/MATEROV_SeaFox_2025/src/build/ros2_seafox_package/build/lib/ros2_seafox_package/motion_controller.py -> /home/seafoxinventive/MATEROV_SeaFox_2025/src/install/ros2_seafox_package/lib/python3.10/site-packages/ros2_seafox_package
byte-compiling /home/seafoxinventive/MATEROV_SeaFox_2025/src/install/ros2_seafox_package/lib/python3.10/site-packages/ros2_seafox_package/control.py to control.cpython-310.pyc
byte-compiling /home/seafoxinventive/MATEROV_SeaFox_2025/src/install/ros2_seafox_package/lib/python3.10/site-packages/ros2_seafox_package/motion_controller.py to motion_controller.cpython-310.pyc
running install_data
copying launch/base_launcher.py -> /home/seafoxinventive/MATEROV_SeaFox_2025/src/install/ros2_seafox_package/share/ros2_seafox_package/launch
running install_egg_info
removing '/home/seafoxinventive/MATEROV_SeaFox_2025/src/install/ros2_seafox_package/lib/python3.10/site-packages/ros2_seafox_package-0.0.0-py3.10.egg-info' (and everything under it)
Copying ../build/ros2_seafox_package/ros2_seafox_package.egg-info to /home/seafoxinventive/MATEROV_SeaFox_2025/src/install/ros2_seafox_package/lib/python3.10/site-packages/ros2_seafox_package-0.0.0-py3.10.egg-info
running install_scripts
Installing control script to /home/seafoxinventive/MATEROV_SeaFox_2025/src/install/ros2_seafox_package/lib/ros2_seafox_package
Installing motion_controller script to /home/seafoxinventive/MATEROV_SeaFox_2025/src/install/ros2_seafox_package/lib/ros2_seafox_package
writing list of installed files to '/home/seafoxinventive/MATEROV_SeaFox_2025/src/build/ros2_seafox_package/install.log'
