[1.260s] Invoking command in '/home/ruben_yh/Desktop/seafox/MATEROV_SeaFox_2025/src/ros2_seafox_package': PYTHONPATH=/home/ruben_yh/Desktop/seafox/MATEROV_SeaFox_2025/build/ros2_seafox_package/prefix_override:/usr/lib/python3/dist-packages/colcon_core/task/python/colcon_distutils_commands:/home/ruben_yh/Desktop/seafox/MATEROV_SeaFox_2025/install/ros2_seafox_package/lib/python3.10/site-packages:${PYTHONPATH} /usr/bin/python3 -W ignore:setup.py install is deprecated -W ignore:easy_install command is deprecated setup.py egg_info --egg-base ../../build/ros2_seafox_package build --build-base /home/ruben_yh/Desktop/seafox/MATEROV_SeaFox_2025/build/ros2_seafox_package/build install --record /home/ruben_yh/Desktop/seafox/MATEROV_SeaFox_2025/build/ros2_seafox_package/install.log --single-version-externally-managed install_data
[1.754s] running egg_info
[1.756s] writing ../../build/ros2_seafox_package/ros2_seafox_package.egg-info/PKG-INFO
[1.756s] writing dependency_links to ../../build/ros2_seafox_package/ros2_seafox_package.egg-info/dependency_links.txt
[1.756s] writing entry points to ../../build/ros2_seafox_package/ros2_seafox_package.egg-info/entry_points.txt
[1.757s] writing requirements to ../../build/ros2_seafox_package/ros2_seafox_package.egg-info/requires.txt
[1.757s] writing top-level names to ../../build/ros2_seafox_package/ros2_seafox_package.egg-info/top_level.txt
[1.761s] reading manifest file '../../build/ros2_seafox_package/ros2_seafox_package.egg-info/SOURCES.txt'
[1.763s] writing manifest file '../../build/ros2_seafox_package/ros2_seafox_package.egg-info/SOURCES.txt'
[1.763s] running build
[1.764s] running build_py
[1.764s] copying ros2_seafox_package/gui_cameras.py -> /home/ruben_yh/Desktop/seafox/MATEROV_SeaFox_2025/build/ros2_seafox_package/build/lib/ros2_seafox_package
[1.764s] copying ros2_seafox_package/main_gui.py -> /home/ruben_yh/Desktop/seafox/MATEROV_SeaFox_2025/build/ros2_seafox_package/build/lib/ros2_seafox_package
[1.765s] running install
[1.766s] running install_lib
[1.768s] copying /home/ruben_yh/Desktop/seafox/MATEROV_SeaFox_2025/build/ros2_seafox_package/build/lib/ros2_seafox_package/gui_cameras.py -> /home/ruben_yh/Desktop/seafox/MATEROV_SeaFox_2025/install/ros2_seafox_package/lib/python3.10/site-packages/ros2_seafox_package
[1.769s] copying /home/ruben_yh/Desktop/seafox/MATEROV_SeaFox_2025/build/ros2_seafox_package/build/lib/ros2_seafox_package/main_gui.py -> /home/ruben_yh/Desktop/seafox/MATEROV_SeaFox_2025/install/ros2_seafox_package/lib/python3.10/site-packages/ros2_seafox_package
[1.770s] byte-compiling /home/ruben_yh/Desktop/seafox/MATEROV_SeaFox_2025/install/ros2_seafox_package/lib/python3.10/site-packages/ros2_seafox_package/gui_cameras.py to gui_cameras.cpython-310.pyc
[1.772s] byte-compiling /home/ruben_yh/Desktop/seafox/MATEROV_SeaFox_2025/install/ros2_seafox_package/lib/python3.10/site-packages/ros2_seafox_package/main_gui.py to main_gui.cpython-310.pyc
[1.773s] running install_data
[1.774s] running install_egg_info
[1.777s] removing '/home/ruben_yh/Desktop/seafox/MATEROV_SeaFox_2025/install/ros2_seafox_package/lib/python3.10/site-packages/ros2_seafox_package-0.0.0-py3.10.egg-info' (and everything under it)
[1.778s] Copying ../../build/ros2_seafox_package/ros2_seafox_package.egg-info to /home/ruben_yh/Desktop/seafox/MATEROV_SeaFox_2025/install/ros2_seafox_package/lib/python3.10/site-packages/ros2_seafox_package-0.0.0-py3.10.egg-info
[1.779s] running install_scripts
[1.820s] Installing camera_publisher script to /home/ruben_yh/Desktop/seafox/MATEROV_SeaFox_2025/install/ros2_seafox_package/lib/ros2_seafox_package
[1.820s] Installing cmd_controller script to /home/ruben_yh/Desktop/seafox/MATEROV_SeaFox_2025/install/ros2_seafox_package/lib/ros2_seafox_package
[1.820s] Installing control script to /home/ruben_yh/Desktop/seafox/MATEROV_SeaFox_2025/install/ros2_seafox_package/lib/ros2_seafox_package
[1.820s] Installing main_gui script to /home/ruben_yh/Desktop/seafox/MATEROV_SeaFox_2025/install/ros2_seafox_package/lib/ros2_seafox_package
[1.820s] Installing motion_controller script to /home/ruben_yh/Desktop/seafox/MATEROV_SeaFox_2025/install/ros2_seafox_package/lib/ros2_seafox_package
[1.821s] writing list of installed files to '/home/ruben_yh/Desktop/seafox/MATEROV_SeaFox_2025/build/ros2_seafox_package/install.log'
[1.865s] Invoked command in '/home/ruben_yh/Desktop/seafox/MATEROV_SeaFox_2025/src/ros2_seafox_package' returned '0': PYTHONPATH=/home/ruben_yh/Desktop/seafox/MATEROV_SeaFox_2025/build/ros2_seafox_package/prefix_override:/usr/lib/python3/dist-packages/colcon_core/task/python/colcon_distutils_commands:/home/ruben_yh/Desktop/seafox/MATEROV_SeaFox_2025/install/ros2_seafox_package/lib/python3.10/site-packages:${PYTHONPATH} /usr/bin/python3 -W ignore:setup.py install is deprecated -W ignore:easy_install command is deprecated setup.py egg_info --egg-base ../../build/ros2_seafox_package build --build-base /home/ruben_yh/Desktop/seafox/MATEROV_SeaFox_2025/build/ros2_seafox_package/build install --record /home/ruben_yh/Desktop/seafox/MATEROV_SeaFox_2025/build/ros2_seafox_package/install.log --single-version-externally-managed install_data
