[0.320s] DEBUG:colcon:Command line arguments: ['/usr/bin/colcon', 'build']
[0.320s] DEBUG:colcon:Parsed command line arguments: Namespace(log_base=None, log_level=None, verb_name='build', build_base='build', install_base='install', merge_install=False, symlink_install=False, test_result_base=None, continue_on_error=False, executor='parallel', parallel_workers=8, event_handlers=None, ignore_user_meta=False, metas=['./colcon.meta'], base_paths=['.'], packages_ignore=None, packages_ignore_regex=None, paths=None, packages_up_to=None, packages_up_to_regex=None, packages_above=None, packages_above_and_dependencies=None, packages_above_depth=None, packages_select_by_dep=None, packages_skip_by_dep=None, packages_skip_up_to=None, packages_select_build_failed=False, packages_skip_build_finished=False, packages_select_test_failures=False, packages_skip_test_passed=False, packages_select=None, packages_skip=None, packages_select_regex=None, packages_skip_regex=None, packages_start=None, packages_end=None, allow_overriding=[], cmake_args=None, cmake_target=None, cmake_target_skip_unavailable=False, cmake_clean_cache=False, cmake_clean_first=False, cmake_force_configure=False, ament_cmake_args=None, catkin_cmake_args=None, catkin_skip_building_tests=False, mixin_files=None, mixin=None, verb_parser=<colcon_mixin.mixin.mixin_argument.MixinArgumentDecorator object at 0x7ce498a49510>, verb_extension=<colcon_core.verb.build.BuildVerb object at 0x7ce498a49060>, main=<bound method BuildVerb.main of <colcon_core.verb.build.BuildVerb object at 0x7ce498a49060>>, mixin_verb=('build',))
[3.562s] Level 1:colcon.colcon_core.package_discovery:discover_packages(colcon_meta) check parameters
[3.563s] Level 1:colcon.colcon_core.package_discovery:discover_packages(recursive) check parameters
[3.563s] Level 1:colcon.colcon_core.package_discovery:discover_packages(ignore) check parameters
[3.563s] Level 1:colcon.colcon_core.package_discovery:discover_packages(path) check parameters
[3.563s] Level 1:colcon.colcon_core.package_discovery:discover_packages(colcon_meta) discover
[3.563s] Level 1:colcon.colcon_core.package_discovery:discover_packages(recursive) discover
[3.564s] INFO:colcon.colcon_core.package_discovery:Crawling recursively for packages in '/home/seafoxinventive/MATEROV_SeaFox_2025'
[3.564s] Level 1:colcon.colcon_core.package_identification:_identify(.) by extensions ['ignore', 'ignore_ament_install']
[3.564s] Level 1:colcon.colcon_core.package_identification:_identify(.) by extension 'ignore'
[3.565s] Level 1:colcon.colcon_core.package_identification:_identify(.) by extension 'ignore_ament_install'
[3.565s] Level 1:colcon.colcon_core.package_identification:_identify(.) by extensions ['colcon_pkg']
[3.565s] Level 1:colcon.colcon_core.package_identification:_identify(.) by extension 'colcon_pkg'
[3.565s] Level 1:colcon.colcon_core.package_identification:_identify(.) by extensions ['colcon_meta']
[3.565s] Level 1:colcon.colcon_core.package_identification:_identify(.) by extension 'colcon_meta'
[3.566s] Level 1:colcon.colcon_core.package_identification:_identify(.) by extensions ['ros']
[3.566s] Level 1:colcon.colcon_core.package_identification:_identify(.) by extension 'ros'
[3.617s] Level 1:colcon.colcon_core.package_identification:_identify(.) by extensions ['cmake', 'python']
[3.617s] Level 1:colcon.colcon_core.package_identification:_identify(.) by extension 'cmake'
[3.617s] Level 1:colcon.colcon_core.package_identification:_identify(.) by extension 'python'
[3.617s] Level 1:colcon.colcon_core.package_identification:_identify(.) by extensions ['python_setup_py']
[3.617s] Level 1:colcon.colcon_core.package_identification:_identify(.) by extension 'python_setup_py'
[3.617s] Level 1:colcon.colcon_core.package_identification:_identify(build) by extensions ['ignore', 'ignore_ament_install']
[3.617s] Level 1:colcon.colcon_core.package_identification:_identify(build) by extension 'ignore'
[3.617s] Level 1:colcon.colcon_core.package_identification:_identify(build) ignored
[3.617s] Level 1:colcon.colcon_core.package_identification:_identify(install) by extensions ['ignore', 'ignore_ament_install']
[3.617s] Level 1:colcon.colcon_core.package_identification:_identify(install) by extension 'ignore'
[3.617s] Level 1:colcon.colcon_core.package_identification:_identify(install) ignored
[3.618s] Level 1:colcon.colcon_core.package_identification:_identify(log) by extensions ['ignore', 'ignore_ament_install']
[3.618s] Level 1:colcon.colcon_core.package_identification:_identify(log) by extension 'ignore'
[3.618s] Level 1:colcon.colcon_core.package_identification:_identify(log) ignored
[3.618s] Level 1:colcon.colcon_core.package_identification:_identify(src) by extensions ['ignore', 'ignore_ament_install']
[3.618s] Level 1:colcon.colcon_core.package_identification:_identify(src) by extension 'ignore'
[3.618s] Level 1:colcon.colcon_core.package_identification:_identify(src) by extension 'ignore_ament_install'
[3.618s] Level 1:colcon.colcon_core.package_identification:_identify(src) by extensions ['colcon_pkg']
[3.618s] Level 1:colcon.colcon_core.package_identification:_identify(src) by extension 'colcon_pkg'
[3.618s] Level 1:colcon.colcon_core.package_identification:_identify(src) by extensions ['colcon_meta']
[3.618s] Level 1:colcon.colcon_core.package_identification:_identify(src) by extension 'colcon_meta'
[3.618s] Level 1:colcon.colcon_core.package_identification:_identify(src) by extensions ['ros']
[3.618s] Level 1:colcon.colcon_core.package_identification:_identify(src) by extension 'ros'
[3.618s] Level 1:colcon.colcon_core.package_identification:_identify(src) by extensions ['cmake', 'python']
[3.618s] Level 1:colcon.colcon_core.package_identification:_identify(src) by extension 'cmake'
[3.618s] Level 1:colcon.colcon_core.package_identification:_identify(src) by extension 'python'
[3.618s] Level 1:colcon.colcon_core.package_identification:_identify(src) by extensions ['python_setup_py']
[3.618s] Level 1:colcon.colcon_core.package_identification:_identify(src) by extension 'python_setup_py'
[3.619s] Level 1:colcon.colcon_core.package_identification:_identify(src/Arduino_Scripts) by extensions ['ignore', 'ignore_ament_install']
[3.619s] Level 1:colcon.colcon_core.package_identification:_identify(src/Arduino_Scripts) by extension 'ignore'
[3.619s] Level 1:colcon.colcon_core.package_identification:_identify(src/Arduino_Scripts) by extension 'ignore_ament_install'
[3.619s] Level 1:colcon.colcon_core.package_identification:_identify(src/Arduino_Scripts) by extensions ['colcon_pkg']
[3.619s] Level 1:colcon.colcon_core.package_identification:_identify(src/Arduino_Scripts) by extension 'colcon_pkg'
[3.619s] Level 1:colcon.colcon_core.package_identification:_identify(src/Arduino_Scripts) by extensions ['colcon_meta']
[3.619s] Level 1:colcon.colcon_core.package_identification:_identify(src/Arduino_Scripts) by extension 'colcon_meta'
[3.619s] Level 1:colcon.colcon_core.package_identification:_identify(src/Arduino_Scripts) by extensions ['ros']
[3.619s] Level 1:colcon.colcon_core.package_identification:_identify(src/Arduino_Scripts) by extension 'ros'
[3.619s] Level 1:colcon.colcon_core.package_identification:_identify(src/Arduino_Scripts) by extensions ['cmake', 'python']
[3.619s] Level 1:colcon.colcon_core.package_identification:_identify(src/Arduino_Scripts) by extension 'cmake'
[3.619s] Level 1:colcon.colcon_core.package_identification:_identify(src/Arduino_Scripts) by extension 'python'
[3.619s] Level 1:colcon.colcon_core.package_identification:_identify(src/Arduino_Scripts) by extensions ['python_setup_py']
[3.619s] Level 1:colcon.colcon_core.package_identification:_identify(src/Arduino_Scripts) by extension 'python_setup_py'
[3.619s] Level 1:colcon.colcon_core.package_identification:_identify(src/ros2_seafox_package) by extensions ['ignore', 'ignore_ament_install']
[3.619s] Level 1:colcon.colcon_core.package_identification:_identify(src/ros2_seafox_package) by extension 'ignore'
[3.619s] Level 1:colcon.colcon_core.package_identification:_identify(src/ros2_seafox_package) by extension 'ignore_ament_install'
[3.619s] Level 1:colcon.colcon_core.package_identification:_identify(src/ros2_seafox_package) by extensions ['colcon_pkg']
[3.620s] Level 1:colcon.colcon_core.package_identification:_identify(src/ros2_seafox_package) by extension 'colcon_pkg'
[3.620s] Level 1:colcon.colcon_core.package_identification:_identify(src/ros2_seafox_package) by extensions ['colcon_meta']
[3.620s] Level 1:colcon.colcon_core.package_identification:_identify(src/ros2_seafox_package) by extension 'colcon_meta'
[3.620s] Level 1:colcon.colcon_core.package_identification:_identify(src/ros2_seafox_package) by extensions ['ros']
[3.620s] Level 1:colcon.colcon_core.package_identification:_identify(src/ros2_seafox_package) by extension 'ros'
[3.648s] DEBUG:colcon.colcon_core.package_identification:Package 'src/ros2_seafox_package' with type 'ros.ament_python' and name 'ros2_seafox_package'
[3.648s] Level 1:colcon.colcon_core.package_discovery:discover_packages(recursive) using defaults
[3.648s] Level 1:colcon.colcon_core.package_discovery:discover_packages(ignore) discover
[3.648s] Level 1:colcon.colcon_core.package_discovery:discover_packages(ignore) using defaults
[3.648s] Level 1:colcon.colcon_core.package_discovery:discover_packages(path) discover
[3.649s] Level 1:colcon.colcon_core.package_discovery:discover_packages(path) using defaults
[3.824s] Level 1:colcon.colcon_core.package_discovery:discover_packages(prefix_path) check parameters
[3.824s] Level 1:colcon.colcon_core.package_discovery:discover_packages(prefix_path) discover
[3.827s] DEBUG:colcon.colcon_installed_package_information.package_discovery:Found 1 installed packages in /home/seafoxinventive/MATEROV_SeaFox_2025/install
[3.829s] DEBUG:colcon.colcon_installed_package_information.package_discovery:Found 271 installed packages in /opt/ros/humble
[3.830s] Level 1:colcon.colcon_core.package_discovery:discover_packages(prefix_path) using defaults
[3.892s] Level 5:colcon.colcon_core.verb:set package 'ros2_seafox_package' build argument 'cmake_args' from command line to 'None'
[3.892s] Level 5:colcon.colcon_core.verb:set package 'ros2_seafox_package' build argument 'cmake_target' from command line to 'None'
[3.892s] Level 5:colcon.colcon_core.verb:set package 'ros2_seafox_package' build argument 'cmake_target_skip_unavailable' from command line to 'False'
[3.892s] Level 5:colcon.colcon_core.verb:set package 'ros2_seafox_package' build argument 'cmake_clean_cache' from command line to 'False'
[3.892s] Level 5:colcon.colcon_core.verb:set package 'ros2_seafox_package' build argument 'cmake_clean_first' from command line to 'False'
[3.892s] Level 5:colcon.colcon_core.verb:set package 'ros2_seafox_package' build argument 'cmake_force_configure' from command line to 'False'
[3.892s] Level 5:colcon.colcon_core.verb:set package 'ros2_seafox_package' build argument 'ament_cmake_args' from command line to 'None'
[3.892s] Level 5:colcon.colcon_core.verb:set package 'ros2_seafox_package' build argument 'catkin_cmake_args' from command line to 'None'
[3.892s] Level 5:colcon.colcon_core.verb:set package 'ros2_seafox_package' build argument 'catkin_skip_building_tests' from command line to 'False'
[3.892s] DEBUG:colcon.colcon_core.verb:Building package 'ros2_seafox_package' with the following arguments: {'ament_cmake_args': None, 'build_base': '/home/seafoxinventive/MATEROV_SeaFox_2025/build/ros2_seafox_package', 'catkin_cmake_args': None, 'catkin_skip_building_tests': False, 'cmake_args': None, 'cmake_clean_cache': False, 'cmake_clean_first': False, 'cmake_force_configure': False, 'cmake_target': None, 'cmake_target_skip_unavailable': False, 'install_base': '/home/seafoxinventive/MATEROV_SeaFox_2025/install/ros2_seafox_package', 'merge_install': False, 'path': '/home/seafoxinventive/MATEROV_SeaFox_2025/src/ros2_seafox_package', 'symlink_install': False, 'test_result_base': None}
[3.892s] INFO:colcon.colcon_core.executor:Executing jobs using 'parallel' executor
[3.893s] DEBUG:colcon.colcon_parallel_executor.executor.parallel:run_until_complete
[3.893s] INFO:colcon.colcon_ros.task.ament_python.build:Building ROS package in '/home/seafoxinventive/MATEROV_SeaFox_2025/src/ros2_seafox_package' with build type 'ament_python'
[3.893s] Level 1:colcon.colcon_core.shell:create_environment_hook('ros2_seafox_package', 'ament_prefix_path')
[3.914s] INFO:colcon.colcon_core.plugin_system:Skipping extension 'colcon_core.shell.bat': Not used on non-Windows systems
[3.914s] INFO:colcon.colcon_core.shell:Creating environment hook '/home/seafoxinventive/MATEROV_SeaFox_2025/install/ros2_seafox_package/share/ros2_seafox_package/hook/ament_prefix_path.ps1'
[3.930s] INFO:colcon.colcon_core.shell:Creating environment descriptor '/home/seafoxinventive/MATEROV_SeaFox_2025/install/ros2_seafox_package/share/ros2_seafox_package/hook/ament_prefix_path.dsv'
[3.946s] INFO:colcon.colcon_core.shell:Creating environment hook '/home/seafoxinventive/MATEROV_SeaFox_2025/install/ros2_seafox_package/share/ros2_seafox_package/hook/ament_prefix_path.sh'
[3.948s] INFO:colcon.colcon_core.shell:Skip shell extension 'powershell' for command environment: Not usable outside of PowerShell
[3.948s] DEBUG:colcon.colcon_core.shell:Skip shell extension 'dsv' for command environment
[4.206s] INFO:colcon.colcon_core.task.python.build:Building Python package in '/home/seafoxinventive/MATEROV_SeaFox_2025/src/ros2_seafox_package'
[4.206s] INFO:colcon.colcon_core.shell:Skip shell extension 'powershell' for command environment: Not usable outside of PowerShell
[4.206s] DEBUG:colcon.colcon_core.shell:Skip shell extension 'dsv' for command environment
[4.791s] DEBUG:colcon.colcon_core.event_handler.log_command:Invoking command in '/home/seafoxinventive/MATEROV_SeaFox_2025/src/ros2_seafox_package': PYTHONPATH=/home/seafoxinventive/MATEROV_SeaFox_2025/build/ros2_seafox_package/prefix_override:/usr/lib/python3/dist-packages/colcon_core/task/python/colcon_distutils_commands:/home/seafoxinventive/MATEROV_SeaFox_2025/install/ros2_seafox_package/lib/python3.10/site-packages:${PYTHONPATH} /usr/bin/python3 -W ignore:setup.py install is deprecated -W ignore:easy_install command is deprecated setup.py egg_info --egg-base ../../build/ros2_seafox_package build --build-base /home/seafoxinventive/MATEROV_SeaFox_2025/build/ros2_seafox_package/build install --record /home/seafoxinventive/MATEROV_SeaFox_2025/build/ros2_seafox_package/install.log --single-version-externally-managed install_data
[5.177s] DEBUG:colcon.colcon_core.event_handler.log_command:Invoked command in '/home/seafoxinventive/MATEROV_SeaFox_2025/src/ros2_seafox_package' returned '0': PYTHONPATH=/home/seafoxinventive/MATEROV_SeaFox_2025/build/ros2_seafox_package/prefix_override:/usr/lib/python3/dist-packages/colcon_core/task/python/colcon_distutils_commands:/home/seafoxinventive/MATEROV_SeaFox_2025/install/ros2_seafox_package/lib/python3.10/site-packages:${PYTHONPATH} /usr/bin/python3 -W ignore:setup.py install is deprecated -W ignore:easy_install command is deprecated setup.py egg_info --egg-base ../../build/ros2_seafox_package build --build-base /home/seafoxinventive/MATEROV_SeaFox_2025/build/ros2_seafox_package/build install --record /home/seafoxinventive/MATEROV_SeaFox_2025/build/ros2_seafox_package/install.log --single-version-externally-managed install_data
[5.222s] Level 1:colcon.colcon_core.environment:checking '/home/seafoxinventive/MATEROV_SeaFox_2025/install/ros2_seafox_package' for CMake module files
[5.223s] Level 1:colcon.colcon_core.environment:checking '/home/seafoxinventive/MATEROV_SeaFox_2025/install/ros2_seafox_package' for CMake config files
[5.225s] Level 1:colcon.colcon_core.environment:checking '/home/seafoxinventive/MATEROV_SeaFox_2025/install/ros2_seafox_package/lib'
[5.225s] Level 1:colcon.colcon_core.environment:checking '/home/seafoxinventive/MATEROV_SeaFox_2025/install/ros2_seafox_package/bin'
[5.225s] Level 1:colcon.colcon_core.environment:checking '/home/seafoxinventive/MATEROV_SeaFox_2025/install/ros2_seafox_package/lib/pkgconfig/ros2_seafox_package.pc'
[5.226s] Level 1:colcon.colcon_core.environment:checking '/home/seafoxinventive/MATEROV_SeaFox_2025/install/ros2_seafox_package/lib/python3.10/site-packages'
[5.226s] Level 1:colcon.colcon_core.shell:create_environment_hook('ros2_seafox_package', 'pythonpath')
[5.226s] INFO:colcon.colcon_core.shell:Creating environment hook '/home/seafoxinventive/MATEROV_SeaFox_2025/install/ros2_seafox_package/share/ros2_seafox_package/hook/pythonpath.ps1'
[5.227s] INFO:colcon.colcon_core.shell:Creating environment descriptor '/home/seafoxinventive/MATEROV_SeaFox_2025/install/ros2_seafox_package/share/ros2_seafox_package/hook/pythonpath.dsv'
[5.227s] INFO:colcon.colcon_core.shell:Creating environment hook '/home/seafoxinventive/MATEROV_SeaFox_2025/install/ros2_seafox_package/share/ros2_seafox_package/hook/pythonpath.sh'
[5.228s] Level 1:colcon.colcon_core.environment:checking '/home/seafoxinventive/MATEROV_SeaFox_2025/install/ros2_seafox_package/bin'
[5.228s] Level 1:colcon.colcon_core.environment:create_environment_scripts_only(ros2_seafox_package)
[5.229s] INFO:colcon.colcon_core.shell:Creating package script '/home/seafoxinventive/MATEROV_SeaFox_2025/install/ros2_seafox_package/share/ros2_seafox_package/package.ps1'
[5.249s] INFO:colcon.colcon_core.shell:Creating package descriptor '/home/seafoxinventive/MATEROV_SeaFox_2025/install/ros2_seafox_package/share/ros2_seafox_package/package.dsv'
[5.265s] INFO:colcon.colcon_core.shell:Creating package script '/home/seafoxinventive/MATEROV_SeaFox_2025/install/ros2_seafox_package/share/ros2_seafox_package/package.sh'
[5.269s] INFO:colcon.colcon_core.shell:Creating package script '/home/seafoxinventive/MATEROV_SeaFox_2025/install/ros2_seafox_package/share/ros2_seafox_package/package.bash'
[5.272s] INFO:colcon.colcon_core.shell:Creating package script '/home/seafoxinventive/MATEROV_SeaFox_2025/install/ros2_seafox_package/share/ros2_seafox_package/package.zsh'
[5.296s] Level 1:colcon.colcon_core.environment:create_file_with_runtime_dependencies(/home/seafoxinventive/MATEROV_SeaFox_2025/install/ros2_seafox_package/share/colcon-core/packages/ros2_seafox_package)
[5.298s] DEBUG:colcon.colcon_parallel_executor.executor.parallel:closing loop
[5.300s] DEBUG:colcon.colcon_parallel_executor.executor.parallel:loop closed
[5.300s] DEBUG:colcon.colcon_parallel_executor.executor.parallel:run_until_complete finished with '0'
[5.301s] DEBUG:colcon.colcon_core.event_reactor:joining thread
[5.339s] INFO:colcon.colcon_core.plugin_system:Skipping extension 'colcon_notification.desktop_notification.terminal_notifier': Not used on non-Darwin systems
[5.339s] INFO:colcon.colcon_core.plugin_system:Skipping extension 'colcon_notification.desktop_notification.win32': Not used on non-Windows systems
[5.339s] INFO:colcon.colcon_notification.desktop_notification:Sending desktop notification using 'notify2'
[5.383s] DEBUG:colcon.colcon_core.event_reactor:joined thread
[5.383s] INFO:colcon.colcon_core.shell:Creating prefix script '/home/seafoxinventive/MATEROV_SeaFox_2025/install/local_setup.ps1'
[5.391s] INFO:colcon.colcon_core.shell:Creating prefix util module '/home/seafoxinventive/MATEROV_SeaFox_2025/install/_local_setup_util_ps1.py'
[5.403s] INFO:colcon.colcon_core.shell:Creating prefix chain script '/home/seafoxinventive/MATEROV_SeaFox_2025/install/setup.ps1'
[5.404s] INFO:colcon.colcon_core.shell:Creating prefix script '/home/seafoxinventive/MATEROV_SeaFox_2025/install/local_setup.sh'
[5.405s] INFO:colcon.colcon_core.shell:Creating prefix util module '/home/seafoxinventive/MATEROV_SeaFox_2025/install/_local_setup_util_sh.py'
[5.405s] INFO:colcon.colcon_core.shell:Creating prefix chain script '/home/seafoxinventive/MATEROV_SeaFox_2025/install/setup.sh'
[5.406s] INFO:colcon.colcon_core.shell:Creating prefix script '/home/seafoxinventive/MATEROV_SeaFox_2025/install/local_setup.bash'
[5.407s] INFO:colcon.colcon_core.shell:Creating prefix chain script '/home/seafoxinventive/MATEROV_SeaFox_2025/install/setup.bash'
[5.408s] INFO:colcon.colcon_core.shell:Creating prefix script '/home/seafoxinventive/MATEROV_SeaFox_2025/install/local_setup.zsh'
[5.409s] INFO:colcon.colcon_core.shell:Creating prefix chain script '/home/seafoxinventive/MATEROV_SeaFox_2025/install/setup.zsh'
