[0.516s] Invoking command in '/home/seafoxinventive/MATEROV_SeaFox_2025/src/ros2_seafox_package': PYTHONPATH=/home/seafoxinventive/MATEROV_SeaFox_2025/build/ros2_seafox_package/prefix_override:/usr/lib/python3/dist-packages/colcon_core/task/python/colcon_distutils_commands:/home/seafoxinventive/MATEROV_SeaFox_2025/install/ros2_seafox_package/lib/python3.10/site-packages:${PYTHONPATH} /usr/bin/python3 -W ignore:setup.py install is deprecated -W ignore:easy_install command is deprecated setup.py egg_info --egg-base ../../build/ros2_seafox_package build --build-base /home/seafoxinventive/MATEROV_SeaFox_2025/build/ros2_seafox_package/build install --record /home/seafoxinventive/MATEROV_SeaFox_2025/build/ros2_seafox_package/install.log --single-version-externally-managed install_data
[0.719s] running egg_info
[0.720s] writing ../../build/ros2_seafox_package/ros2_seafox_package.egg-info/PKG-INFO
[0.720s] writing dependency_links to ../../build/ros2_seafox_package/ros2_seafox_package.egg-info/dependency_links.txt
[0.720s] writing entry points to ../../build/ros2_seafox_package/ros2_seafox_package.egg-info/entry_points.txt
[0.721s] writing requirements to ../../build/ros2_seafox_package/ros2_seafox_package.egg-info/requires.txt
[0.721s] writing top-level names to ../../build/ros2_seafox_package/ros2_seafox_package.egg-info/top_level.txt
[0.722s] reading manifest file '../../build/ros2_seafox_package/ros2_seafox_package.egg-info/SOURCES.txt'
[0.723s] writing manifest file '../../build/ros2_seafox_package/ros2_seafox_package.egg-info/SOURCES.txt'
[0.723s] running build
[0.723s] running build_py
[0.724s] running install
[0.724s] running install_lib
[0.725s] running install_data
[0.725s] running install_egg_info
[0.727s] removing '/home/seafoxinventive/MATEROV_SeaFox_2025/install/ros2_seafox_package/lib/python3.10/site-packages/ros2_seafox_package-0.0.0-py3.10.egg-info' (and everything under it)
[0.727s] Copying ../../build/ros2_seafox_package/ros2_seafox_package.egg-info to /home/seafoxinventive/MATEROV_SeaFox_2025/install/ros2_seafox_package/lib/python3.10/site-packages/ros2_seafox_package-0.0.0-py3.10.egg-info
[0.728s] running install_scripts
[0.746s] Installing control script to /home/seafoxinventive/MATEROV_SeaFox_2025/install/ros2_seafox_package/lib/ros2_seafox_package
[0.746s] writing list of installed files to '/home/seafoxinventive/MATEROV_SeaFox_2025/build/ros2_seafox_package/install.log'
[0.764s] Invoked command in '/home/seafoxinventive/MATEROV_SeaFox_2025/src/ros2_seafox_package' returned '0': PYTHONPATH=/home/seafoxinventive/MATEROV_SeaFox_2025/build/ros2_seafox_package/prefix_override:/usr/lib/python3/dist-packages/colcon_core/task/python/colcon_distutils_commands:/home/seafoxinventive/MATEROV_SeaFox_2025/install/ros2_seafox_package/lib/python3.10/site-packages:${PYTHONPATH} /usr/bin/python3 -W ignore:setup.py install is deprecated -W ignore:easy_install command is deprecated setup.py egg_info --egg-base ../../build/ros2_seafox_package build --build-base /home/seafoxinventive/MATEROV_SeaFox_2025/build/ros2_seafox_package/build install --record /home/seafoxinventive/MATEROV_SeaFox_2025/build/ros2_seafox_package/install.log --single-version-externally-managed install_data
