[0.388s] DEBUG:colcon:Command line arguments: ['/usr/bin/colcon', 'build']
[0.388s] DEBUG:colcon:Parsed command line arguments: Namespace(log_base=None, log_level=None, verb_name='build', build_base='build', install_base='install', merge_install=False, symlink_install=False, test_result_base=None, continue_on_error=False, executor='parallel', parallel_workers=8, event_handlers=None, ignore_user_meta=False, metas=['./colcon.meta'], base_paths=['.'], packages_ignore=None, packages_ignore_regex=None, paths=None, packages_up_to=None, packages_up_to_regex=None, packages_above=None, packages_above_and_dependencies=None, packages_above_depth=None, packages_select_by_dep=None, packages_skip_by_dep=None, packages_skip_up_to=None, packages_select_build_failed=False, packages_skip_build_finished=False, packages_select_test_failures=False, packages_skip_test_passed=False, packages_select=None, packages_skip=None, packages_select_regex=None, packages_skip_regex=None, packages_start=None, packages_end=None, allow_overriding=[], cmake_args=None, cmake_target=None, cmake_target_skip_unavailable=False, cmake_clean_cache=False, cmake_clean_first=False, cmake_force_configure=False, ament_cmake_args=None, catkin_cmake_args=None, catkin_skip_building_tests=False, verb_parser=<colcon_defaults.argument_parser.defaults.DefaultArgumentsDecorator object at 0x7a128a3419c0>, verb_extension=<colcon_core.verb.build.BuildVerb object at 0x7a128a3414b0>, main=<bound method BuildVerb.main of <colcon_core.verb.build.BuildVerb object at 0x7a128a3414b0>>)
[0.824s] Level 1:colcon.colcon_core.package_discovery:discover_packages(colcon_meta) check parameters
[0.825s] Level 1:colcon.colcon_core.package_discovery:discover_packages(recursive) check parameters
[0.825s] Level 1:colcon.colcon_core.package_discovery:discover_packages(ignore) check parameters
[0.825s] Level 1:colcon.colcon_core.package_discovery:discover_packages(path) check parameters
[0.825s] Level 1:colcon.colcon_core.package_discovery:discover_packages(colcon_meta) discover
[0.825s] Level 1:colcon.colcon_core.package_discovery:discover_packages(recursive) discover
[0.825s] INFO:colcon.colcon_core.package_discovery:Crawling recursively for packages in '/home/ruben_yh/Desktop/seafox/MATEROV_SeaFox_2025'
[0.825s] Level 1:colcon.colcon_core.package_identification:_identify(.) by extensions ['ignore', 'ignore_ament_install']
[0.825s] Level 1:colcon.colcon_core.package_identification:_identify(.) by extension 'ignore'
[0.825s] Level 1:colcon.colcon_core.package_identification:_identify(.) by extension 'ignore_ament_install'
[0.826s] Level 1:colcon.colcon_core.package_identification:_identify(.) by extensions ['colcon_pkg']
[0.826s] Level 1:colcon.colcon_core.package_identification:_identify(.) by extension 'colcon_pkg'
[0.826s] Level 1:colcon.colcon_core.package_identification:_identify(.) by extensions ['colcon_meta']
[0.826s] Level 1:colcon.colcon_core.package_identification:_identify(.) by extension 'colcon_meta'
[0.826s] Level 1:colcon.colcon_core.package_identification:_identify(.) by extensions ['ros']
[0.826s] Level 1:colcon.colcon_core.package_identification:_identify(.) by extension 'ros'
[0.847s] Level 1:colcon.colcon_core.package_identification:_identify(.) by extensions ['cmake', 'python']
[0.848s] Level 1:colcon.colcon_core.package_identification:_identify(.) by extension 'cmake'
[0.848s] Level 1:colcon.colcon_core.package_identification:_identify(.) by extension 'python'
[0.848s] Level 1:colcon.colcon_core.package_identification:_identify(.) by extensions ['python_setup_py']
[0.848s] Level 1:colcon.colcon_core.package_identification:_identify(.) by extension 'python_setup_py'
[0.848s] Level 1:colcon.colcon_core.package_identification:_identify(build) by extensions ['ignore', 'ignore_ament_install']
[0.848s] Level 1:colcon.colcon_core.package_identification:_identify(build) by extension 'ignore'
[0.848s] Level 1:colcon.colcon_core.package_identification:_identify(build) ignored
[0.849s] Level 1:colcon.colcon_core.package_identification:_identify(install) by extensions ['ignore', 'ignore_ament_install']
[0.849s] Level 1:colcon.colcon_core.package_identification:_identify(install) by extension 'ignore'
[0.849s] Level 1:colcon.colcon_core.package_identification:_identify(install) ignored
[0.849s] Level 1:colcon.colcon_core.package_identification:_identify(log) by extensions ['ignore', 'ignore_ament_install']
[0.849s] Level 1:colcon.colcon_core.package_identification:_identify(log) by extension 'ignore'
[0.849s] Level 1:colcon.colcon_core.package_identification:_identify(log) ignored
[0.849s] Level 1:colcon.colcon_core.package_identification:_identify(src) by extensions ['ignore', 'ignore_ament_install']
[0.849s] Level 1:colcon.colcon_core.package_identification:_identify(src) by extension 'ignore'
[0.850s] Level 1:colcon.colcon_core.package_identification:_identify(src) by extension 'ignore_ament_install'
[0.850s] Level 1:colcon.colcon_core.package_identification:_identify(src) by extensions ['colcon_pkg']
[0.850s] Level 1:colcon.colcon_core.package_identification:_identify(src) by extension 'colcon_pkg'
[0.850s] Level 1:colcon.colcon_core.package_identification:_identify(src) by extensions ['colcon_meta']
[0.850s] Level 1:colcon.colcon_core.package_identification:_identify(src) by extension 'colcon_meta'
[0.850s] Level 1:colcon.colcon_core.package_identification:_identify(src) by extensions ['ros']
[0.850s] Level 1:colcon.colcon_core.package_identification:_identify(src) by extension 'ros'
[0.850s] Level 1:colcon.colcon_core.package_identification:_identify(src) by extensions ['cmake', 'python']
[0.850s] Level 1:colcon.colcon_core.package_identification:_identify(src) by extension 'cmake'
[0.850s] Level 1:colcon.colcon_core.package_identification:_identify(src) by extension 'python'
[0.850s] Level 1:colcon.colcon_core.package_identification:_identify(src) by extensions ['python_setup_py']
[0.850s] Level 1:colcon.colcon_core.package_identification:_identify(src) by extension 'python_setup_py'
[0.851s] Level 1:colcon.colcon_core.package_identification:_identify(src/build) by extensions ['ignore', 'ignore_ament_install']
[0.851s] Level 1:colcon.colcon_core.package_identification:_identify(src/build) by extension 'ignore'
[0.851s] Level 1:colcon.colcon_core.package_identification:_identify(src/build) ignored
[0.851s] Level 1:colcon.colcon_core.package_identification:_identify(src/install) by extensions ['ignore', 'ignore_ament_install']
[0.851s] Level 1:colcon.colcon_core.package_identification:_identify(src/install) by extension 'ignore'
[0.851s] Level 1:colcon.colcon_core.package_identification:_identify(src/install) ignored
[0.852s] Level 1:colcon.colcon_core.package_identification:_identify(src/log) by extensions ['ignore', 'ignore_ament_install']
[0.853s] Level 1:colcon.colcon_core.package_identification:_identify(src/log) by extension 'ignore'
[0.853s] Level 1:colcon.colcon_core.package_identification:_identify(src/log) ignored
[0.853s] Level 1:colcon.colcon_core.package_identification:_identify(src/ros2_seafox_package) by extensions ['ignore', 'ignore_ament_install']
[0.853s] Level 1:colcon.colcon_core.package_identification:_identify(src/ros2_seafox_package) by extension 'ignore'
[0.853s] Level 1:colcon.colcon_core.package_identification:_identify(src/ros2_seafox_package) by extension 'ignore_ament_install'
[0.853s] Level 1:colcon.colcon_core.package_identification:_identify(src/ros2_seafox_package) by extensions ['colcon_pkg']
[0.853s] Level 1:colcon.colcon_core.package_identification:_identify(src/ros2_seafox_package) by extension 'colcon_pkg'
[0.854s] Level 1:colcon.colcon_core.package_identification:_identify(src/ros2_seafox_package) by extensions ['colcon_meta']
[0.854s] Level 1:colcon.colcon_core.package_identification:_identify(src/ros2_seafox_package) by extension 'colcon_meta'
[0.854s] Level 1:colcon.colcon_core.package_identification:_identify(src/ros2_seafox_package) by extensions ['ros']
[0.854s] Level 1:colcon.colcon_core.package_identification:_identify(src/ros2_seafox_package) by extension 'ros'
[0.861s] DEBUG:colcon.colcon_core.package_identification:Package 'src/ros2_seafox_package' with type 'ros.ament_python' and name 'ros2_seafox_package'
[0.861s] Level 1:colcon.colcon_core.package_discovery:discover_packages(recursive) using defaults
[0.861s] Level 1:colcon.colcon_core.package_discovery:discover_packages(ignore) discover
[0.861s] Level 1:colcon.colcon_core.package_discovery:discover_packages(ignore) using defaults
[0.861s] Level 1:colcon.colcon_core.package_discovery:discover_packages(path) discover
[0.861s] Level 1:colcon.colcon_core.package_discovery:discover_packages(path) using defaults
[0.925s] Level 1:colcon.colcon_core.package_discovery:discover_packages(prefix_path) check parameters
[0.925s] Level 1:colcon.colcon_core.package_discovery:discover_packages(prefix_path) discover
[0.931s] DEBUG:colcon.colcon_installed_package_information.package_discovery:Found 1 installed packages in /home/ruben_yh/Desktop/seafox/MATEROV_SeaFox_2025/install
[0.935s] DEBUG:colcon.colcon_installed_package_information.package_discovery:Found 272 installed packages in /opt/ros/humble
[0.937s] Level 1:colcon.colcon_core.package_discovery:discover_packages(prefix_path) using defaults
[1.044s] Level 5:colcon.colcon_core.verb:set package 'ros2_seafox_package' build argument 'cmake_args' from command line to 'None'
[1.044s] Level 5:colcon.colcon_core.verb:set package 'ros2_seafox_package' build argument 'cmake_target' from command line to 'None'
[1.045s] Level 5:colcon.colcon_core.verb:set package 'ros2_seafox_package' build argument 'cmake_target_skip_unavailable' from command line to 'False'
[1.045s] Level 5:colcon.colcon_core.verb:set package 'ros2_seafox_package' build argument 'cmake_clean_cache' from command line to 'False'
[1.045s] Level 5:colcon.colcon_core.verb:set package 'ros2_seafox_package' build argument 'cmake_clean_first' from command line to 'False'
[1.045s] Level 5:colcon.colcon_core.verb:set package 'ros2_seafox_package' build argument 'cmake_force_configure' from command line to 'False'
[1.045s] Level 5:colcon.colcon_core.verb:set package 'ros2_seafox_package' build argument 'ament_cmake_args' from command line to 'None'
[1.045s] Level 5:colcon.colcon_core.verb:set package 'ros2_seafox_package' build argument 'catkin_cmake_args' from command line to 'None'
[1.045s] Level 5:colcon.colcon_core.verb:set package 'ros2_seafox_package' build argument 'catkin_skip_building_tests' from command line to 'False'
[1.045s] DEBUG:colcon.colcon_core.verb:Building package 'ros2_seafox_package' with the following arguments: {'ament_cmake_args': None, 'build_base': '/home/ruben_yh/Desktop/seafox/MATEROV_SeaFox_2025/build/ros2_seafox_package', 'catkin_cmake_args': None, 'catkin_skip_building_tests': False, 'cmake_args': None, 'cmake_clean_cache': False, 'cmake_clean_first': False, 'cmake_force_configure': False, 'cmake_target': None, 'cmake_target_skip_unavailable': False, 'install_base': '/home/ruben_yh/Desktop/seafox/MATEROV_SeaFox_2025/install/ros2_seafox_package', 'merge_install': False, 'path': '/home/ruben_yh/Desktop/seafox/MATEROV_SeaFox_2025/src/ros2_seafox_package', 'symlink_install': False, 'test_result_base': None}
[1.045s] INFO:colcon.colcon_core.executor:Executing jobs using 'parallel' executor
[1.047s] DEBUG:colcon.colcon_parallel_executor.executor.parallel:run_until_complete
[1.048s] INFO:colcon.colcon_ros.task.ament_python.build:Building ROS package in '/home/ruben_yh/Desktop/seafox/MATEROV_SeaFox_2025/src/ros2_seafox_package' with build type 'ament_python'
[1.048s] Level 1:colcon.colcon_core.shell:create_environment_hook('ros2_seafox_package', 'ament_prefix_path')
[1.054s] INFO:colcon.colcon_core.plugin_system:Skipping extension 'colcon_core.shell.bat': Not used on non-Windows systems
[1.055s] INFO:colcon.colcon_core.shell:Creating environment hook '/home/ruben_yh/Desktop/seafox/MATEROV_SeaFox_2025/install/ros2_seafox_package/share/ros2_seafox_package/hook/ament_prefix_path.ps1'
[1.057s] INFO:colcon.colcon_core.shell:Creating environment descriptor '/home/ruben_yh/Desktop/seafox/MATEROV_SeaFox_2025/install/ros2_seafox_package/share/ros2_seafox_package/hook/ament_prefix_path.dsv'
[1.058s] INFO:colcon.colcon_core.shell:Creating environment hook '/home/ruben_yh/Desktop/seafox/MATEROV_SeaFox_2025/install/ros2_seafox_package/share/ros2_seafox_package/hook/ament_prefix_path.sh'
[1.060s] INFO:colcon.colcon_core.shell:Skip shell extension 'powershell' for command environment: Not usable outside of PowerShell
[1.060s] DEBUG:colcon.colcon_core.shell:Skip shell extension 'dsv' for command environment
[1.626s] INFO:colcon.colcon_core.task.python.build:Building Python package in '/home/ruben_yh/Desktop/seafox/MATEROV_SeaFox_2025/src/ros2_seafox_package'
[1.627s] INFO:colcon.colcon_core.shell:Skip shell extension 'powershell' for command environment: Not usable outside of PowerShell
[1.627s] DEBUG:colcon.colcon_core.shell:Skip shell extension 'dsv' for command environment
[2.442s] DEBUG:colcon.colcon_core.event_handler.log_command:Invoking command in '/home/ruben_yh/Desktop/seafox/MATEROV_SeaFox_2025/src/ros2_seafox_package': PYTHONPATH=/home/ruben_yh/Desktop/seafox/MATEROV_SeaFox_2025/build/ros2_seafox_package/prefix_override:/usr/lib/python3/dist-packages/colcon_core/task/python/colcon_distutils_commands:/home/ruben_yh/Desktop/seafox/MATEROV_SeaFox_2025/install/ros2_seafox_package/lib/python3.10/site-packages:${PYTHONPATH} /usr/bin/python3 -W ignore:setup.py install is deprecated -W ignore:easy_install command is deprecated setup.py egg_info --egg-base ../../build/ros2_seafox_package build --build-base /home/ruben_yh/Desktop/seafox/MATEROV_SeaFox_2025/build/ros2_seafox_package/build install --record /home/ruben_yh/Desktop/seafox/MATEROV_SeaFox_2025/build/ros2_seafox_package/install.log --single-version-externally-managed install_data
[3.021s] DEBUG:colcon.colcon_core.event_handler.log_command:Invoked command in '/home/ruben_yh/Desktop/seafox/MATEROV_SeaFox_2025/src/ros2_seafox_package' returned '0': PYTHONPATH=/home/ruben_yh/Desktop/seafox/MATEROV_SeaFox_2025/build/ros2_seafox_package/prefix_override:/usr/lib/python3/dist-packages/colcon_core/task/python/colcon_distutils_commands:/home/ruben_yh/Desktop/seafox/MATEROV_SeaFox_2025/install/ros2_seafox_package/lib/python3.10/site-packages:${PYTHONPATH} /usr/bin/python3 -W ignore:setup.py install is deprecated -W ignore:easy_install command is deprecated setup.py egg_info --egg-base ../../build/ros2_seafox_package build --build-base /home/ruben_yh/Desktop/seafox/MATEROV_SeaFox_2025/build/ros2_seafox_package/build install --record /home/ruben_yh/Desktop/seafox/MATEROV_SeaFox_2025/build/ros2_seafox_package/install.log --single-version-externally-managed install_data
[3.030s] Level 1:colcon.colcon_core.environment:checking '/home/ruben_yh/Desktop/seafox/MATEROV_SeaFox_2025/install/ros2_seafox_package' for CMake module files
[3.031s] Level 1:colcon.colcon_core.environment:checking '/home/ruben_yh/Desktop/seafox/MATEROV_SeaFox_2025/install/ros2_seafox_package' for CMake config files
[3.032s] Level 1:colcon.colcon_core.environment:checking '/home/ruben_yh/Desktop/seafox/MATEROV_SeaFox_2025/install/ros2_seafox_package/lib'
[3.033s] Level 1:colcon.colcon_core.environment:checking '/home/ruben_yh/Desktop/seafox/MATEROV_SeaFox_2025/install/ros2_seafox_package/bin'
[3.033s] Level 1:colcon.colcon_core.environment:checking '/home/ruben_yh/Desktop/seafox/MATEROV_SeaFox_2025/install/ros2_seafox_package/lib/pkgconfig/ros2_seafox_package.pc'
[3.033s] Level 1:colcon.colcon_core.environment:checking '/home/ruben_yh/Desktop/seafox/MATEROV_SeaFox_2025/install/ros2_seafox_package/lib/python3.10/site-packages'
[3.033s] Level 1:colcon.colcon_core.shell:create_environment_hook('ros2_seafox_package', 'pythonpath')
[3.034s] INFO:colcon.colcon_core.shell:Creating environment hook '/home/ruben_yh/Desktop/seafox/MATEROV_SeaFox_2025/install/ros2_seafox_package/share/ros2_seafox_package/hook/pythonpath.ps1'
[3.035s] INFO:colcon.colcon_core.shell:Creating environment descriptor '/home/ruben_yh/Desktop/seafox/MATEROV_SeaFox_2025/install/ros2_seafox_package/share/ros2_seafox_package/hook/pythonpath.dsv'
[3.035s] INFO:colcon.colcon_core.shell:Creating environment hook '/home/ruben_yh/Desktop/seafox/MATEROV_SeaFox_2025/install/ros2_seafox_package/share/ros2_seafox_package/hook/pythonpath.sh'
[3.036s] Level 1:colcon.colcon_core.environment:checking '/home/ruben_yh/Desktop/seafox/MATEROV_SeaFox_2025/install/ros2_seafox_package/bin'
[3.037s] Level 1:colcon.colcon_core.environment:create_environment_scripts_only(ros2_seafox_package)
[3.037s] INFO:colcon.colcon_core.shell:Creating package script '/home/ruben_yh/Desktop/seafox/MATEROV_SeaFox_2025/install/ros2_seafox_package/share/ros2_seafox_package/package.ps1'
[3.039s] INFO:colcon.colcon_core.shell:Creating package descriptor '/home/ruben_yh/Desktop/seafox/MATEROV_SeaFox_2025/install/ros2_seafox_package/share/ros2_seafox_package/package.dsv'
[3.040s] INFO:colcon.colcon_core.shell:Creating package script '/home/ruben_yh/Desktop/seafox/MATEROV_SeaFox_2025/install/ros2_seafox_package/share/ros2_seafox_package/package.sh'
[3.042s] INFO:colcon.colcon_core.shell:Creating package script '/home/ruben_yh/Desktop/seafox/MATEROV_SeaFox_2025/install/ros2_seafox_package/share/ros2_seafox_package/package.bash'
[3.043s] INFO:colcon.colcon_core.shell:Creating package script '/home/ruben_yh/Desktop/seafox/MATEROV_SeaFox_2025/install/ros2_seafox_package/share/ros2_seafox_package/package.zsh'
[3.045s] Level 1:colcon.colcon_core.environment:create_file_with_runtime_dependencies(/home/ruben_yh/Desktop/seafox/MATEROV_SeaFox_2025/install/ros2_seafox_package/share/colcon-core/packages/ros2_seafox_package)
[3.045s] DEBUG:colcon.colcon_parallel_executor.executor.parallel:closing loop
[3.046s] DEBUG:colcon.colcon_parallel_executor.executor.parallel:loop closed
[3.046s] DEBUG:colcon.colcon_parallel_executor.executor.parallel:run_until_complete finished with '0'
[3.046s] DEBUG:colcon.colcon_core.event_reactor:joining thread
[3.061s] INFO:colcon.colcon_core.plugin_system:Skipping extension 'colcon_notification.desktop_notification.terminal_notifier': Not used on non-Darwin systems
[3.061s] INFO:colcon.colcon_core.plugin_system:Skipping extension 'colcon_notification.desktop_notification.win32': Not used on non-Windows systems
[3.061s] INFO:colcon.colcon_notification.desktop_notification:Sending desktop notification using 'notify2'
[3.086s] DEBUG:colcon.colcon_core.event_reactor:joined thread
[3.086s] INFO:colcon.colcon_core.shell:Creating prefix script '/home/ruben_yh/Desktop/seafox/MATEROV_SeaFox_2025/install/local_setup.ps1'
[3.089s] INFO:colcon.colcon_core.shell:Creating prefix util module '/home/ruben_yh/Desktop/seafox/MATEROV_SeaFox_2025/install/_local_setup_util_ps1.py'
[3.092s] INFO:colcon.colcon_core.shell:Creating prefix chain script '/home/ruben_yh/Desktop/seafox/MATEROV_SeaFox_2025/install/setup.ps1'
[3.094s] INFO:colcon.colcon_core.shell:Creating prefix script '/home/ruben_yh/Desktop/seafox/MATEROV_SeaFox_2025/install/local_setup.sh'
[3.095s] INFO:colcon.colcon_core.shell:Creating prefix util module '/home/ruben_yh/Desktop/seafox/MATEROV_SeaFox_2025/install/_local_setup_util_sh.py'
[3.096s] INFO:colcon.colcon_core.shell:Creating prefix chain script '/home/ruben_yh/Desktop/seafox/MATEROV_SeaFox_2025/install/setup.sh'
[3.098s] INFO:colcon.colcon_core.shell:Creating prefix script '/home/ruben_yh/Desktop/seafox/MATEROV_SeaFox_2025/install/local_setup.bash'
[3.100s] INFO:colcon.colcon_core.shell:Creating prefix chain script '/home/ruben_yh/Desktop/seafox/MATEROV_SeaFox_2025/install/setup.bash'
[3.102s] INFO:colcon.colcon_core.shell:Creating prefix script '/home/ruben_yh/Desktop/seafox/MATEROV_SeaFox_2025/install/local_setup.zsh'
[3.103s] INFO:colcon.colcon_core.shell:Creating prefix chain script '/home/ruben_yh/Desktop/seafox/MATEROV_SeaFox_2025/install/setup.zsh'
