[0.898s] Invoking command in '/home/seafoxinventive/MATEROV_SeaFox_2025/src/ros2_seafox_package': PYTHONPATH=/home/seafoxinventive/MATEROV_SeaFox_2025/build/ros2_seafox_package/prefix_override:/usr/lib/python3/dist-packages/colcon_core/task/python/colcon_distutils_commands:/home/seafoxinventive/MATEROV_SeaFox_2025/install/ros2_seafox_package/lib/python3.10/site-packages:${PYTHONPATH} /usr/bin/python3 -W ignore:setup.py install is deprecated -W ignore:easy_install command is deprecated setup.py egg_info --egg-base ../../build/ros2_seafox_package build --build-base /home/seafoxinventive/MATEROV_SeaFox_2025/build/ros2_seafox_package/build install --record /home/seafoxinventive/MATEROV_SeaFox_2025/build/ros2_seafox_package/install.log --single-version-externally-managed install_data
[1.119s] running egg_info
[1.119s] writing ../../build/ros2_seafox_package/ros2_seafox_package.egg-info/PKG-INFO
[1.120s] writing dependency_links to ../../build/ros2_seafox_package/ros2_seafox_package.egg-info/dependency_links.txt
[1.120s] writing entry points to ../../build/ros2_seafox_package/ros2_seafox_package.egg-info/entry_points.txt
[1.120s] writing requirements to ../../build/ros2_seafox_package/ros2_seafox_package.egg-info/requires.txt
[1.120s] writing top-level names to ../../build/ros2_seafox_package/ros2_seafox_package.egg-info/top_level.txt
[1.121s] reading manifest file '../../build/ros2_seafox_package/ros2_seafox_package.egg-info/SOURCES.txt'
[1.148s] writing manifest file '../../build/ros2_seafox_package/ros2_seafox_package.egg-info/SOURCES.txt'
[1.148s] running build
[1.148s] running build_py
[1.148s] running install
[1.149s] running install_lib
[1.151s] running install_data
[1.151s] running install_egg_info
[1.152s] removing '/home/seafoxinventive/MATEROV_SeaFox_2025/install/ros2_seafox_package/lib/python3.10/site-packages/ros2_seafox_package-0.0.0-py3.10.egg-info' (and everything under it)
[1.152s] Copying ../../build/ros2_seafox_package/ros2_seafox_package.egg-info to /home/seafoxinventive/MATEROV_SeaFox_2025/install/ros2_seafox_package/lib/python3.10/site-packages/ros2_seafox_package-0.0.0-py3.10.egg-info
[1.246s] running install_scripts
[1.264s] Installing camera_gui script to /home/seafoxinventive/MATEROV_SeaFox_2025/install/ros2_seafox_package/lib/ros2_seafox_package
[1.265s] Installing camera_publisher script to /home/seafoxinventive/MATEROV_SeaFox_2025/install/ros2_seafox_package/lib/ros2_seafox_package
[1.265s] Installing joystick_reader script to /home/seafoxinventive/MATEROV_SeaFox_2025/install/ros2_seafox_package/lib/ros2_seafox_package
[1.265s] Installing joystick_to_twist script to /home/seafoxinventive/MATEROV_SeaFox_2025/install/ros2_seafox_package/lib/ros2_seafox_package
[1.265s] Installing newtons_to_pwm script to /home/seafoxinventive/MATEROV_SeaFox_2025/install/ros2_seafox_package/lib/ros2_seafox_package
[1.265s] Installing rosserial script to /home/seafoxinventive/MATEROV_SeaFox_2025/install/ros2_seafox_package/lib/ros2_seafox_package
[1.265s] Installing twist_to_newtons script to /home/seafoxinventive/MATEROV_SeaFox_2025/install/ros2_seafox_package/lib/ros2_seafox_package
[1.265s] writing list of installed files to '/home/seafoxinventive/MATEROV_SeaFox_2025/build/ros2_seafox_package/install.log'
[1.284s] Invoked command in '/home/seafoxinventive/MATEROV_SeaFox_2025/src/ros2_seafox_package' returned '0': PYTHONPATH=/home/seafoxinventive/MATEROV_SeaFox_2025/build/ros2_seafox_package/prefix_override:/usr/lib/python3/dist-packages/colcon_core/task/python/colcon_distutils_commands:/home/seafoxinventive/MATEROV_SeaFox_2025/install/ros2_seafox_package/lib/python3.10/site-packages:${PYTHONPATH} /usr/bin/python3 -W ignore:setup.py install is deprecated -W ignore:easy_install command is deprecated setup.py egg_info --egg-base ../../build/ros2_seafox_package build --build-base /home/seafoxinventive/MATEROV_SeaFox_2025/build/ros2_seafox_package/build install --record /home/seafoxinventive/MATEROV_SeaFox_2025/build/ros2_seafox_package/install.log --single-version-externally-managed install_data
