[0.415s] Invoking command in '/home/ruben_yh/Desktop/seafox/MATEROV_SeaFox_2025/src/ros2_seafox_package': PYTHONPATH=/home/ruben_yh/Desktop/seafox/MATEROV_SeaFox_2025/src/build/ros2_seafox_package/prefix_override:/usr/lib/python3/dist-packages/colcon_core/task/python/colcon_distutils_commands:/home/ruben_yh/Desktop/seafox/MATEROV_SeaFox_2025/src/install/ros2_seafox_package/lib/python3.10/site-packages:${PYTHONPATH} /usr/bin/python3 -W ignore:setup.py install is deprecated -W ignore:easy_install command is deprecated setup.py egg_info --egg-base ../build/ros2_seafox_package build --build-base /home/ruben_yh/Desktop/seafox/MATEROV_SeaFox_2025/src/build/ros2_seafox_package/build install --record /home/ruben_yh/Desktop/seafox/MATEROV_SeaFox_2025/src/build/ros2_seafox_package/install.log --single-version-externally-managed install_data
[0.575s] running egg_info
[0.575s] writing ../build/ros2_seafox_package/ros2_seafox_package.egg-info/PKG-INFO
[0.575s] writing dependency_links to ../build/ros2_seafox_package/ros2_seafox_package.egg-info/dependency_links.txt
[0.575s] writing entry points to ../build/ros2_seafox_package/ros2_seafox_package.egg-info/entry_points.txt
[0.575s] writing requirements to ../build/ros2_seafox_package/ros2_seafox_package.egg-info/requires.txt
[0.575s] writing top-level names to ../build/ros2_seafox_package/ros2_seafox_package.egg-info/top_level.txt
[0.577s] reading manifest file '../build/ros2_seafox_package/ros2_seafox_package.egg-info/SOURCES.txt'
[0.577s] writing manifest file '../build/ros2_seafox_package/ros2_seafox_package.egg-info/SOURCES.txt'
[0.577s] running build
[0.577s] running build_py
[0.578s] running install
[0.578s] running install_lib
[0.579s] running install_data
[0.579s] running install_egg_info
[0.580s] removing '/home/ruben_yh/Desktop/seafox/MATEROV_SeaFox_2025/src/install/ros2_seafox_package/lib/python3.10/site-packages/ros2_seafox_package-0.0.0-py3.10.egg-info' (and everything under it)
[0.580s] Copying ../build/ros2_seafox_package/ros2_seafox_package.egg-info to /home/ruben_yh/Desktop/seafox/MATEROV_SeaFox_2025/src/install/ros2_seafox_package/lib/python3.10/site-packages/ros2_seafox_package-0.0.0-py3.10.egg-info
[0.581s] running install_scripts
[0.595s] Installing camera_publisher script to /home/ruben_yh/Desktop/seafox/MATEROV_SeaFox_2025/src/install/ros2_seafox_package/lib/ros2_seafox_package
[0.595s] Installing cmd_controller script to /home/ruben_yh/Desktop/seafox/MATEROV_SeaFox_2025/src/install/ros2_seafox_package/lib/ros2_seafox_package
[0.595s] Installing control script to /home/ruben_yh/Desktop/seafox/MATEROV_SeaFox_2025/src/install/ros2_seafox_package/lib/ros2_seafox_package
[0.595s] Installing main_gui script to /home/ruben_yh/Desktop/seafox/MATEROV_SeaFox_2025/src/install/ros2_seafox_package/lib/ros2_seafox_package
[0.595s] Installing motion_controller script to /home/ruben_yh/Desktop/seafox/MATEROV_SeaFox_2025/src/install/ros2_seafox_package/lib/ros2_seafox_package
[0.595s] writing list of installed files to '/home/ruben_yh/Desktop/seafox/MATEROV_SeaFox_2025/src/build/ros2_seafox_package/install.log'
[0.612s] Invoked command in '/home/ruben_yh/Desktop/seafox/MATEROV_SeaFox_2025/src/ros2_seafox_package' returned '0': PYTHONPATH=/home/ruben_yh/Desktop/seafox/MATEROV_SeaFox_2025/src/build/ros2_seafox_package/prefix_override:/usr/lib/python3/dist-packages/colcon_core/task/python/colcon_distutils_commands:/home/ruben_yh/Desktop/seafox/MATEROV_SeaFox_2025/src/install/ros2_seafox_package/lib/python3.10/site-packages:${PYTHONPATH} /usr/bin/python3 -W ignore:setup.py install is deprecated -W ignore:easy_install command is deprecated setup.py egg_info --egg-base ../build/ros2_seafox_package build --build-base /home/ruben_yh/Desktop/seafox/MATEROV_SeaFox_2025/src/build/ros2_seafox_package/build install --record /home/ruben_yh/Desktop/seafox/MATEROV_SeaFox_2025/src/build/ros2_seafox_package/install.log --single-version-externally-managed install_data
