running egg_info
writing ../../build/ros2_seafox_package/ros2_seafox_package.egg-info/PKG-INFO
writing dependency_links to ../../build/ros2_seafox_package/ros2_seafox_package.egg-info/dependency_links.txt
writing entry points to ../../build/ros2_seafox_package/ros2_seafox_package.egg-info/entry_points.txt
writing requirements to ../../build/ros2_seafox_package/ros2_seafox_package.egg-info/requires.txt
writing top-level names to ../../build/ros2_seafox_package/ros2_seafox_package.egg-info/top_level.txt
reading manifest file '../../build/ros2_seafox_package/ros2_seafox_package.egg-info/SOURCES.txt'
writing manifest file '../../build/ros2_seafox_package/ros2_seafox_package.egg-info/SOURCES.txt'
running build
running build_py
copying ros2_seafox_package/rov_control.py -> /home/ruben_yh/Desktop/seafox/MATEROV_SeaFox_2025/build/ros2_seafox_package/build/lib/ros2_seafox_package
copying ros2_seafox_package/setpoint_controller.py -> /home/ruben_yh/Desktop/seafox/MATEROV_SeaFox_2025/build/ros2_seafox_package/build/lib/ros2_seafox_package
copying ros2_seafox_package/cmd_controller.py -> /home/ruben_yh/Desktop/seafox/MATEROV_SeaFox_2025/build/ros2_seafox_package/build/lib/ros2_seafox_package
copying ros2_seafox_package/quaternion.py -> /home/ruben_yh/Desktop/seafox/MATEROV_SeaFox_2025/build/ros2_seafox_package/build/lib/ros2_seafox_package
running install
running install_lib
copying /home/ruben_yh/Desktop/seafox/MATEROV_SeaFox_2025/build/ros2_seafox_package/build/lib/ros2_seafox_package/rov_control.py -> /home/ruben_yh/Desktop/seafox/MATEROV_SeaFox_2025/install/ros2_seafox_package/lib/python3.10/site-packages/ros2_seafox_package
copying /home/ruben_yh/Desktop/seafox/MATEROV_SeaFox_2025/build/ros2_seafox_package/build/lib/ros2_seafox_package/setpoint_controller.py -> /home/ruben_yh/Desktop/seafox/MATEROV_SeaFox_2025/install/ros2_seafox_package/lib/python3.10/site-packages/ros2_seafox_package
copying /home/ruben_yh/Desktop/seafox/MATEROV_SeaFox_2025/build/ros2_seafox_package/build/lib/ros2_seafox_package/cmd_controller.py -> /home/ruben_yh/Desktop/seafox/MATEROV_SeaFox_2025/install/ros2_seafox_package/lib/python3.10/site-packages/ros2_seafox_package
copying /home/ruben_yh/Desktop/seafox/MATEROV_SeaFox_2025/build/ros2_seafox_package/build/lib/ros2_seafox_package/quaternion.py -> /home/ruben_yh/Desktop/seafox/MATEROV_SeaFox_2025/install/ros2_seafox_package/lib/python3.10/site-packages/ros2_seafox_package
byte-compiling /home/ruben_yh/Desktop/seafox/MATEROV_SeaFox_2025/install/ros2_seafox_package/lib/python3.10/site-packages/ros2_seafox_package/rov_control.py to rov_control.cpython-310.pyc
byte-compiling /home/ruben_yh/Desktop/seafox/MATEROV_SeaFox_2025/install/ros2_seafox_package/lib/python3.10/site-packages/ros2_seafox_package/setpoint_controller.py to setpoint_controller.cpython-310.pyc
byte-compiling /home/ruben_yh/Desktop/seafox/MATEROV_SeaFox_2025/install/ros2_seafox_package/lib/python3.10/site-packages/ros2_seafox_package/cmd_controller.py to cmd_controller.cpython-310.pyc
byte-compiling /home/ruben_yh/Desktop/seafox/MATEROV_SeaFox_2025/install/ros2_seafox_package/lib/python3.10/site-packages/ros2_seafox_package/quaternion.py to quaternion.cpython-310.pyc
running install_data
copying package.xml -> /home/ruben_yh/Desktop/seafox/MATEROV_SeaFox_2025/install/ros2_seafox_package/share/ros2_seafox_package
running install_egg_info
removing '/home/ruben_yh/Desktop/seafox/MATEROV_SeaFox_2025/install/ros2_seafox_package/lib/python3.10/site-packages/ros2_seafox_package-0.0.0-py3.10.egg-info' (and everything under it)
Copying ../../build/ros2_seafox_package/ros2_seafox_package.egg-info to /home/ruben_yh/Desktop/seafox/MATEROV_SeaFox_2025/install/ros2_seafox_package/lib/python3.10/site-packages/ros2_seafox_package-0.0.0-py3.10.egg-info
running install_scripts
Installing control script to /home/ruben_yh/Desktop/seafox/MATEROV_SeaFox_2025/install/ros2_seafox_package/lib/ros2_seafox_package
writing list of installed files to '/home/ruben_yh/Desktop/seafox/MATEROV_SeaFox_2025/build/ros2_seafox_package/install.log'
