[0.450s] Invoking command in '/home/ruben_yh/Desktop/seafox/MATEROV_SeaFox_2025/src/ros2_seafox_package': PYTHONPATH=/home/ruben_yh/Desktop/seafox/MATEROV_SeaFox_2025/build/ros2_seafox_package/prefix_override:/usr/lib/python3/dist-packages/colcon_core/task/python/colcon_distutils_commands:/home/ruben_yh/Desktop/seafox/MATEROV_SeaFox_2025/install/ros2_seafox_package/lib/python3.10/site-packages:${PYTHONPATH} /usr/bin/python3 -W ignore:setup.py install is deprecated -W ignore:easy_install command is deprecated setup.py egg_info --egg-base ../../build/ros2_seafox_package build --build-base /home/ruben_yh/Desktop/seafox/MATEROV_SeaFox_2025/build/ros2_seafox_package/build install --record /home/ruben_yh/Desktop/seafox/MATEROV_SeaFox_2025/build/ros2_seafox_package/install.log --single-version-externally-managed install_data
[0.605s] running egg_info
[0.605s] writing ../../build/ros2_seafox_package/ros2_seafox_package.egg-info/PKG-INFO
[0.605s] writing dependency_links to ../../build/ros2_seafox_package/ros2_seafox_package.egg-info/dependency_links.txt
[0.605s] writing entry points to ../../build/ros2_seafox_package/ros2_seafox_package.egg-info/entry_points.txt
[0.605s] writing requirements to ../../build/ros2_seafox_package/ros2_seafox_package.egg-info/requires.txt
[0.605s] writing top-level names to ../../build/ros2_seafox_package/ros2_seafox_package.egg-info/top_level.txt
[0.606s] reading manifest file '../../build/ros2_seafox_package/ros2_seafox_package.egg-info/SOURCES.txt'
[0.615s] writing manifest file '../../build/ros2_seafox_package/ros2_seafox_package.egg-info/SOURCES.txt'
[0.615s] running build
[0.615s] running build_py
[0.615s] copying ros2_seafox_package/rov_control.py -> /home/ruben_yh/Desktop/seafox/MATEROV_SeaFox_2025/build/ros2_seafox_package/build/lib/ros2_seafox_package
[0.615s] copying ros2_seafox_package/setpoint_controller.py -> /home/ruben_yh/Desktop/seafox/MATEROV_SeaFox_2025/build/ros2_seafox_package/build/lib/ros2_seafox_package
[0.615s] copying ros2_seafox_package/cmd_controller.py -> /home/ruben_yh/Desktop/seafox/MATEROV_SeaFox_2025/build/ros2_seafox_package/build/lib/ros2_seafox_package
[0.615s] copying ros2_seafox_package/quaternion.py -> /home/ruben_yh/Desktop/seafox/MATEROV_SeaFox_2025/build/ros2_seafox_package/build/lib/ros2_seafox_package
[0.615s] running install
[0.615s] running install_lib
[0.616s] copying /home/ruben_yh/Desktop/seafox/MATEROV_SeaFox_2025/build/ros2_seafox_package/build/lib/ros2_seafox_package/rov_control.py -> /home/ruben_yh/Desktop/seafox/MATEROV_SeaFox_2025/install/ros2_seafox_package/lib/python3.10/site-packages/ros2_seafox_package
[0.616s] copying /home/ruben_yh/Desktop/seafox/MATEROV_SeaFox_2025/build/ros2_seafox_package/build/lib/ros2_seafox_package/setpoint_controller.py -> /home/ruben_yh/Desktop/seafox/MATEROV_SeaFox_2025/install/ros2_seafox_package/lib/python3.10/site-packages/ros2_seafox_package
[0.616s] copying /home/ruben_yh/Desktop/seafox/MATEROV_SeaFox_2025/build/ros2_seafox_package/build/lib/ros2_seafox_package/cmd_controller.py -> /home/ruben_yh/Desktop/seafox/MATEROV_SeaFox_2025/install/ros2_seafox_package/lib/python3.10/site-packages/ros2_seafox_package
[0.616s] copying /home/ruben_yh/Desktop/seafox/MATEROV_SeaFox_2025/build/ros2_seafox_package/build/lib/ros2_seafox_package/quaternion.py -> /home/ruben_yh/Desktop/seafox/MATEROV_SeaFox_2025/install/ros2_seafox_package/lib/python3.10/site-packages/ros2_seafox_package
[0.617s] byte-compiling /home/ruben_yh/Desktop/seafox/MATEROV_SeaFox_2025/install/ros2_seafox_package/lib/python3.10/site-packages/ros2_seafox_package/rov_control.py to rov_control.cpython-310.pyc
[0.617s] byte-compiling /home/ruben_yh/Desktop/seafox/MATEROV_SeaFox_2025/install/ros2_seafox_package/lib/python3.10/site-packages/ros2_seafox_package/setpoint_controller.py to setpoint_controller.cpython-310.pyc
[0.617s] byte-compiling /home/ruben_yh/Desktop/seafox/MATEROV_SeaFox_2025/install/ros2_seafox_package/lib/python3.10/site-packages/ros2_seafox_package/cmd_controller.py to cmd_controller.cpython-310.pyc
[0.618s] byte-compiling /home/ruben_yh/Desktop/seafox/MATEROV_SeaFox_2025/install/ros2_seafox_package/lib/python3.10/site-packages/ros2_seafox_package/quaternion.py to quaternion.cpython-310.pyc
[0.618s] running install_data
[0.619s] copying package.xml -> /home/ruben_yh/Desktop/seafox/MATEROV_SeaFox_2025/install/ros2_seafox_package/share/ros2_seafox_package
[0.619s] running install_egg_info
[0.620s] removing '/home/ruben_yh/Desktop/seafox/MATEROV_SeaFox_2025/install/ros2_seafox_package/lib/python3.10/site-packages/ros2_seafox_package-0.0.0-py3.10.egg-info' (and everything under it)
[0.620s] Copying ../../build/ros2_seafox_package/ros2_seafox_package.egg-info to /home/ruben_yh/Desktop/seafox/MATEROV_SeaFox_2025/install/ros2_seafox_package/lib/python3.10/site-packages/ros2_seafox_package-0.0.0-py3.10.egg-info
[0.620s] running install_scripts
[0.633s] Installing control script to /home/ruben_yh/Desktop/seafox/MATEROV_SeaFox_2025/install/ros2_seafox_package/lib/ros2_seafox_package
[0.633s] writing list of installed files to '/home/ruben_yh/Desktop/seafox/MATEROV_SeaFox_2025/build/ros2_seafox_package/install.log'
[0.648s] Invoked command in '/home/ruben_yh/Desktop/seafox/MATEROV_SeaFox_2025/src/ros2_seafox_package' returned '0': PYTHONPATH=/home/ruben_yh/Desktop/seafox/MATEROV_SeaFox_2025/build/ros2_seafox_package/prefix_override:/usr/lib/python3/dist-packages/colcon_core/task/python/colcon_distutils_commands:/home/ruben_yh/Desktop/seafox/MATEROV_SeaFox_2025/install/ros2_seafox_package/lib/python3.10/site-packages:${PYTHONPATH} /usr/bin/python3 -W ignore:setup.py install is deprecated -W ignore:easy_install command is deprecated setup.py egg_info --egg-base ../../build/ros2_seafox_package build --build-base /home/ruben_yh/Desktop/seafox/MATEROV_SeaFox_2025/build/ros2_seafox_package/build install --record /home/ruben_yh/Desktop/seafox/MATEROV_SeaFox_2025/build/ros2_seafox_package/install.log --single-version-externally-managed install_data
